2025-05-04T21:19:03.184+09:00  INFO 13604 --- [MySpringbootLab] [restartedMain] c.r.m.MySpringbootLabApplication         : Starting MySpringbootLabApplication using Java 17.0.2 with PID 13604 (C:\mybackend\MySpringbootLab\MySpringbootLab\target\classes started by pshcc in C:\mybackend\MySpringbootLab)
2025-05-04T21:19:03.189+09:00  INFO 13604 --- [MySpringbootLab] [restartedMain] c.r.m.MySpringbootLabApplication         : The following 1 profile is active: "test"
2025-05-04T21:19:03.229+09:00  INFO 13604 --- [MySpringbootLab] [restartedMain] .e.DevToolsPropertyDefaultsPostProcessor : Devtools property defaults active! Set 'spring.devtools.add-properties' to 'false' to disable
2025-05-04T21:19:03.229+09:00  INFO 13604 --- [MySpringbootLab] [restartedMain] .e.DevToolsPropertyDefaultsPostProcessor : For additional web related logging consider setting the 'logging.level.web' property to 'DEBUG'
2025-05-04T21:19:04.229+09:00  INFO 13604 --- [MySpringbootLab] [restartedMain] .s.d.r.c.RepositoryConfigurationDelegate : Bootstrapping Spring Data JPA repositories in DEFAULT mode.
2025-05-04T21:19:04.254+09:00  INFO 13604 --- [MySpringbootLab] [restartedMain] .s.d.r.c.RepositoryConfigurationDelegate : Finished Spring Data repository scanning in 14 ms. Found 0 JPA repository interfaces.
2025-05-04T21:19:05.171+09:00  INFO 13604 --- [MySpringbootLab] [restartedMain] o.s.b.w.e.t.TomcatWebServer              : Tomcat initialized with port 8080 (http)
2025-05-04T21:19:05.188+09:00  INFO 13604 --- [MySpringbootLab] [restartedMain] o.a.c.c.StandardService                  : Starting service [Tomcat]
2025-05-04T21:19:05.189+09:00  INFO 13604 --- [MySpringbootLab] [restartedMain] o.a.c.c.StandardEngine                   : Starting Servlet engine: [Apache Tomcat/10.1.40]
2025-05-04T21:19:05.258+09:00  INFO 13604 --- [MySpringbootLab] [restartedMain] o.a.c.c.C.[.[.[/]                        : Initializing Spring embedded WebApplicationContext
2025-05-04T21:19:05.260+09:00  INFO 13604 --- [MySpringbootLab] [restartedMain] w.s.c.ServletWebServerApplicationContext : Root WebApplicationContext: initialization completed in 2029 ms
2025-05-04T21:19:05.571+09:00  INFO 13604 --- [MySpringbootLab] [restartedMain] c.z.h.HikariDataSource                   : HikariPool-1 - Starting...
2025-05-04T21:19:05.763+09:00  INFO 13604 --- [MySpringbootLab] [restartedMain] c.z.h.p.HikariPool                       : HikariPool-1 - Added connection conn0: url=jdbc:h2:mem:a3b5b3be-5f2e-46d5-84b0-d36a23fab6fb user=SA
2025-05-04T21:19:05.764+09:00  INFO 13604 --- [MySpringbootLab] [restartedMain] c.z.h.HikariDataSource                   : HikariPool-1 - Start completed.
2025-05-04T21:19:05.810+09:00  INFO 13604 --- [MySpringbootLab] [restartedMain] o.h.j.i.u.LogHelper                      : HHH000204: Processing PersistenceUnitInfo [name: default]
2025-05-04T21:19:05.871+09:00  INFO 13604 --- [MySpringbootLab] [restartedMain] o.h.Version                              : HHH000412: Hibernate ORM core version 6.6.13.Final
2025-05-04T21:19:05.909+09:00  INFO 13604 --- [MySpringbootLab] [restartedMain] o.h.c.i.RegionFactoryInitiator           : HHH000026: Second-level cache disabled
2025-05-04T21:19:06.163+09:00  INFO 13604 --- [MySpringbootLab] [restartedMain] o.s.o.j.p.SpringPersistenceUnitInfo      : No LoadTimeWeaver setup: ignoring JPA class transformer
2025-05-04T21:19:06.236+09:00  INFO 13604 --- [MySpringbootLab] [restartedMain] o.h.o.c.pooling                          : HHH10001005: Database info:
	Database JDBC URL [Connecting through datasource 'HikariDataSource (HikariPool-1)']
	Database driver: undefined/unknown
	Database version: 2.3.232
	Autocommit mode: undefined/unknown
	Isolation level: undefined/unknown
	Minimum pool size: undefined/unknown
	Maximum pool size: undefined/unknown
2025-05-04T21:19:06.539+09:00  INFO 13604 --- [MySpringbootLab] [restartedMain] o.h.e.t.j.p.i.JtaPlatformInitiator       : HHH000489: No JTA platform available (set 'hibernate.transaction.jta.platform' to enable JTA platform integration)
2025-05-04T21:19:06.544+09:00  INFO 13604 --- [MySpringbootLab] [restartedMain] j.LocalContainerEntityManagerFactoryBean : Initialized JPA EntityManagerFactory for persistence unit 'default'
2025-05-04T21:19:06.651+09:00  WARN 13604 --- [MySpringbootLab] [restartedMain] JpaBaseConfiguration$JpaWebConfiguration : spring.jpa.open-in-view is enabled by default. Therefore, database queries may be performed during view rendering. Explicitly configure spring.jpa.open-in-view to disable this warning
2025-05-04T21:19:07.052+09:00  WARN 13604 --- [MySpringbootLab] [restartedMain] ion$DefaultTemplateResolverConfiguration : Cannot find template location: classpath:/templates/ (please add some templates, check your Thymeleaf configuration, or set spring.thymeleaf.check-template-location=false)
2025-05-04T21:19:07.436+09:00  INFO 13604 --- [MySpringbootLab] [restartedMain] o.s.b.a.h.H2ConsoleAutoConfiguration     : H2 console available at '/h2-console'. Database available at 'jdbc:h2:mem:a3b5b3be-5f2e-46d5-84b0-d36a23fab6fb'
2025-05-04T21:19:07.497+09:00  INFO 13604 --- [MySpringbootLab] [restartedMain] o.s.b.d.a.OptionalLiveReloadServer       : LiveReload server is running on port 35729
2025-05-04T21:19:07.507+09:00  INFO 13604 --- [MySpringbootLab] [restartedMain] o.s.b.a.e.w.EndpointLinksResolver        : Exposing 1 endpoint beneath base path '/actuator'
2025-05-04T21:19:07.584+09:00  INFO 13604 --- [MySpringbootLab] [restartedMain] o.s.b.w.e.t.TomcatWebServer              : Tomcat started on port 8080 (http) with context path '/'
2025-05-04T21:19:07.597+09:00  INFO 13604 --- [MySpringbootLab] [restartedMain] c.r.m.MySpringbootLabApplication         : Started MySpringbootLabApplication in 4.871 seconds (process running for 5.65)
2025-05-04T21:19:07.633+09:00  INFO 13604 --- [MySpringbootLab] [restartedMain] c.r.m.r.MyPropRunner                     : username: springboot
2025-05-04T21:19:07.633+09:00  INFO 13604 --- [MySpringbootLab] [restartedMain] c.r.m.r.MyPropRunner                     : 현재 실행 환경: 개발환경
2025-05-04T21:22:01.691+09:00  INFO 13604 --- [MySpringbootLab] [SpringApplicationShutdownHook] o.s.b.w.e.t.GracefulShutdown             : Commencing graceful shutdown. Waiting for active requests to complete
2025-05-04T21:22:01.857+09:00  INFO 13604 --- [MySpringbootLab] [tomcat-shutdown] o.s.b.w.e.t.GracefulShutdown             : Graceful shutdown complete
2025-05-04T21:22:01.862+09:00  INFO 13604 --- [MySpringbootLab] [SpringApplicationShutdownHook] j.LocalContainerEntityManagerFactoryBean : Closing JPA EntityManagerFactory for persistence unit 'default'
2025-05-04T21:22:01.868+09:00  WARN 13604 --- [MySpringbootLab] [SpringApplicationShutdownHook] o.s.b.f.s.DisposableBeanAdapter          : Invocation of destroy method failed on bean with name 'inMemoryDatabaseShutdownExecutor': org.h2.jdbc.JdbcSQLNonTransientConnectionException: Database is already closed (to disable automatic closing at VM shutdown, add ";DB_CLOSE_ON_EXIT=FALSE" to the db URL) [90121-232]
2025-05-04T21:22:01.869+09:00  INFO 13604 --- [MySpringbootLab] [SpringApplicationShutdownHook] c.z.h.HikariDataSource                   : HikariPool-1 - Shutdown initiated...
2025-05-04T21:22:01.871+09:00  INFO 13604 --- [MySpringbootLab] [SpringApplicationShutdownHook] c.z.h.HikariDataSource                   : HikariPool-1 - Shutdown completed.
2025-05-04T21:22:04.035+09:00  INFO 30380 --- [MySpringbootLab] [restartedMain] c.r.m.MySpringbootLabApplication         : Starting MySpringbootLabApplication using Java 17.0.2 with PID 30380 (C:\mybackend\MySpringbootLab\MySpringbootLab\target\classes started by pshcc in C:\mybackend\MySpringbootLab)
2025-05-04T21:22:04.039+09:00  INFO 30380 --- [MySpringbootLab] [restartedMain] c.r.m.MySpringbootLabApplication         : The following 1 profile is active: "prod"
2025-05-04T21:22:04.077+09:00  INFO 30380 --- [MySpringbootLab] [restartedMain] .e.DevToolsPropertyDefaultsPostProcessor : Devtools property defaults active! Set 'spring.devtools.add-properties' to 'false' to disable
2025-05-04T21:22:04.078+09:00  INFO 30380 --- [MySpringbootLab] [restartedMain] .e.DevToolsPropertyDefaultsPostProcessor : For additional web related logging consider setting the 'logging.level.web' property to 'DEBUG'
2025-05-04T21:22:04.986+09:00  INFO 30380 --- [MySpringbootLab] [restartedMain] .s.d.r.c.RepositoryConfigurationDelegate : Bootstrapping Spring Data JPA repositories in DEFAULT mode.
2025-05-04T21:22:05.011+09:00  INFO 30380 --- [MySpringbootLab] [restartedMain] .s.d.r.c.RepositoryConfigurationDelegate : Finished Spring Data repository scanning in 16 ms. Found 0 JPA repository interfaces.
2025-05-04T21:22:05.850+09:00  INFO 30380 --- [MySpringbootLab] [restartedMain] o.s.b.w.e.t.TomcatWebServer              : Tomcat initialized with port 8080 (http)
2025-05-04T21:22:05.867+09:00  INFO 30380 --- [MySpringbootLab] [restartedMain] o.a.c.c.StandardService                  : Starting service [Tomcat]
2025-05-04T21:22:05.868+09:00  INFO 30380 --- [MySpringbootLab] [restartedMain] o.a.c.c.StandardEngine                   : Starting Servlet engine: [Apache Tomcat/10.1.40]
2025-05-04T21:22:05.934+09:00  INFO 30380 --- [MySpringbootLab] [restartedMain] o.a.c.c.C.[.[.[/]                        : Initializing Spring embedded WebApplicationContext
2025-05-04T21:22:05.937+09:00  INFO 30380 --- [MySpringbootLab] [restartedMain] w.s.c.ServletWebServerApplicationContext : Root WebApplicationContext: initialization completed in 1856 ms
2025-05-04T21:22:06.245+09:00  INFO 30380 --- [MySpringbootLab] [restartedMain] c.z.h.HikariDataSource                   : HikariPool-1 - Starting...
2025-05-04T21:22:06.418+09:00  INFO 30380 --- [MySpringbootLab] [restartedMain] c.z.h.p.HikariPool                       : HikariPool-1 - Added connection conn0: url=jdbc:h2:mem:f2eadbe8-963c-4c2a-834c-aab6ede3aac3 user=SA
2025-05-04T21:22:06.419+09:00  INFO 30380 --- [MySpringbootLab] [restartedMain] c.z.h.HikariDataSource                   : HikariPool-1 - Start completed.
2025-05-04T21:22:06.462+09:00  INFO 30380 --- [MySpringbootLab] [restartedMain] o.h.j.i.u.LogHelper                      : HHH000204: Processing PersistenceUnitInfo [name: default]
2025-05-04T21:22:06.525+09:00  INFO 30380 --- [MySpringbootLab] [restartedMain] o.h.Version                              : HHH000412: Hibernate ORM core version 6.6.13.Final
2025-05-04T21:22:06.564+09:00  INFO 30380 --- [MySpringbootLab] [restartedMain] o.h.c.i.RegionFactoryInitiator           : HHH000026: Second-level cache disabled
2025-05-04T21:22:06.836+09:00  INFO 30380 --- [MySpringbootLab] [restartedMain] o.s.o.j.p.SpringPersistenceUnitInfo      : No LoadTimeWeaver setup: ignoring JPA class transformer
2025-05-04T21:22:06.927+09:00  INFO 30380 --- [MySpringbootLab] [restartedMain] o.h.o.c.pooling                          : HHH10001005: Database info:
	Database JDBC URL [Connecting through datasource 'HikariDataSource (HikariPool-1)']
	Database driver: undefined/unknown
	Database version: 2.3.232
	Autocommit mode: undefined/unknown
	Isolation level: undefined/unknown
	Minimum pool size: undefined/unknown
	Maximum pool size: undefined/unknown
2025-05-04T21:22:07.276+09:00  INFO 30380 --- [MySpringbootLab] [restartedMain] o.h.e.t.j.p.i.JtaPlatformInitiator       : HHH000489: No JTA platform available (set 'hibernate.transaction.jta.platform' to enable JTA platform integration)
2025-05-04T21:22:07.281+09:00  INFO 30380 --- [MySpringbootLab] [restartedMain] j.LocalContainerEntityManagerFactoryBean : Initialized JPA EntityManagerFactory for persistence unit 'default'
2025-05-04T21:22:07.392+09:00  WARN 30380 --- [MySpringbootLab] [restartedMain] JpaBaseConfiguration$JpaWebConfiguration : spring.jpa.open-in-view is enabled by default. Therefore, database queries may be performed during view rendering. Explicitly configure spring.jpa.open-in-view to disable this warning
2025-05-04T21:22:07.799+09:00  WARN 30380 --- [MySpringbootLab] [restartedMain] ion$DefaultTemplateResolverConfiguration : Cannot find template location: classpath:/templates/ (please add some templates, check your Thymeleaf configuration, or set spring.thymeleaf.check-template-location=false)
2025-05-04T21:22:08.197+09:00  INFO 30380 --- [MySpringbootLab] [restartedMain] o.s.b.a.h.H2ConsoleAutoConfiguration     : H2 console available at '/h2-console'. Database available at 'jdbc:h2:mem:f2eadbe8-963c-4c2a-834c-aab6ede3aac3'
2025-05-04T21:22:08.271+09:00  INFO 30380 --- [MySpringbootLab] [restartedMain] o.s.b.d.a.OptionalLiveReloadServer       : LiveReload server is running on port 35729
2025-05-04T21:22:08.282+09:00  INFO 30380 --- [MySpringbootLab] [restartedMain] o.s.b.a.e.w.EndpointLinksResolver        : Exposing 1 endpoint beneath base path '/actuator'
2025-05-04T21:22:08.366+09:00  INFO 30380 --- [MySpringbootLab] [restartedMain] o.s.b.w.e.t.TomcatWebServer              : Tomcat started on port 8080 (http) with context path '/'
2025-05-04T21:22:08.380+09:00  INFO 30380 --- [MySpringbootLab] [restartedMain] c.r.m.MySpringbootLabApplication         : Started MySpringbootLabApplication in 4.799 seconds (process running for 5.659)
2025-05-04T21:22:08.420+09:00  INFO 30380 --- [MySpringbootLab] [restartedMain] c.r.m.r.MyPropRunner                     : username: springboot
2025-05-04T21:22:08.420+09:00  INFO 30380 --- [MySpringbootLab] [restartedMain] c.r.m.r.MyPropRunner                     : 현재 실행 환경: 운영환경
2025-05-04T21:25:38.105+09:00  INFO 30380 --- [MySpringbootLab] [SpringApplicationShutdownHook] o.s.b.w.e.t.GracefulShutdown             : Commencing graceful shutdown. Waiting for active requests to complete
2025-05-04T21:25:38.271+09:00  INFO 30380 --- [MySpringbootLab] [tomcat-shutdown] o.s.b.w.e.t.GracefulShutdown             : Graceful shutdown complete
2025-05-04T21:25:38.277+09:00  INFO 30380 --- [MySpringbootLab] [SpringApplicationShutdownHook] j.LocalContainerEntityManagerFactoryBean : Closing JPA EntityManagerFactory for persistence unit 'default'
2025-05-04T21:25:38.283+09:00  WARN 30380 --- [MySpringbootLab] [SpringApplicationShutdownHook] o.s.b.f.s.DisposableBeanAdapter          : Invocation of destroy method failed on bean with name 'inMemoryDatabaseShutdownExecutor': org.h2.jdbc.JdbcSQLNonTransientConnectionException: Database is already closed (to disable automatic closing at VM shutdown, add ";DB_CLOSE_ON_EXIT=FALSE" to the db URL) [90121-232]
2025-05-04T21:25:38.284+09:00  INFO 30380 --- [MySpringbootLab] [SpringApplicationShutdownHook] c.z.h.HikariDataSource                   : HikariPool-1 - Shutdown initiated...
2025-05-04T21:25:38.286+09:00  INFO 30380 --- [MySpringbootLab] [SpringApplicationShutdownHook] c.z.h.HikariDataSource                   : HikariPool-1 - Shutdown completed.
2025-05-04T21:36:38.495+09:00  INFO 28040 --- [MySpringbootLab] [restartedMain] c.r.m.MySpringbootLabApplication         : Starting MySpringbootLabApplication using Java 17.0.2 with PID 28040 (C:\mybackend\MySpringbootLab\MySpringbootLab\target\classes started by pshcc in C:\mybackend\MySpringbootLab)
2025-05-04T21:36:38.500+09:00  INFO 28040 --- [MySpringbootLab] [restartedMain] c.r.m.MySpringbootLabApplication         : The following 1 profile is active: "prod"
2025-05-04T21:36:38.547+09:00  INFO 28040 --- [MySpringbootLab] [restartedMain] .e.DevToolsPropertyDefaultsPostProcessor : Devtools property defaults active! Set 'spring.devtools.add-properties' to 'false' to disable
2025-05-04T21:36:38.547+09:00  INFO 28040 --- [MySpringbootLab] [restartedMain] .e.DevToolsPropertyDefaultsPostProcessor : For additional web related logging consider setting the 'logging.level.web' property to 'DEBUG'
2025-05-04T21:36:39.528+09:00  INFO 28040 --- [MySpringbootLab] [restartedMain] .s.d.r.c.RepositoryConfigurationDelegate : Bootstrapping Spring Data JPA repositories in DEFAULT mode.
2025-05-04T21:36:39.552+09:00  INFO 28040 --- [MySpringbootLab] [restartedMain] .s.d.r.c.RepositoryConfigurationDelegate : Finished Spring Data repository scanning in 13 ms. Found 0 JPA repository interfaces.
2025-05-04T21:36:40.424+09:00  INFO 28040 --- [MySpringbootLab] [restartedMain] o.s.b.w.e.t.TomcatWebServer              : Tomcat initialized with port 8080 (http)
2025-05-04T21:36:40.442+09:00  INFO 28040 --- [MySpringbootLab] [restartedMain] o.a.c.c.StandardService                  : Starting service [Tomcat]
2025-05-04T21:36:40.443+09:00  INFO 28040 --- [MySpringbootLab] [restartedMain] o.a.c.c.StandardEngine                   : Starting Servlet engine: [Apache Tomcat/10.1.40]
2025-05-04T21:36:40.512+09:00  INFO 28040 --- [MySpringbootLab] [restartedMain] o.a.c.c.C.[.[.[/]                        : Initializing Spring embedded WebApplicationContext
2025-05-04T21:36:40.514+09:00  INFO 28040 --- [MySpringbootLab] [restartedMain] w.s.c.ServletWebServerApplicationContext : Root WebApplicationContext: initialization completed in 1964 ms
2025-05-04T21:36:40.827+09:00  INFO 28040 --- [MySpringbootLab] [restartedMain] c.z.h.HikariDataSource                   : HikariPool-1 - Starting...
2025-05-04T21:36:41.016+09:00  INFO 28040 --- [MySpringbootLab] [restartedMain] c.z.h.p.HikariPool                       : HikariPool-1 - Added connection conn0: url=jdbc:h2:mem:1f4c5c2f-9844-4f2d-8068-5b5fb1a11318 user=SA
2025-05-04T21:36:41.018+09:00  INFO 28040 --- [MySpringbootLab] [restartedMain] c.z.h.HikariDataSource                   : HikariPool-1 - Start completed.
2025-05-04T21:36:41.068+09:00  INFO 28040 --- [MySpringbootLab] [restartedMain] o.h.j.i.u.LogHelper                      : HHH000204: Processing PersistenceUnitInfo [name: default]
2025-05-04T21:36:41.134+09:00  INFO 28040 --- [MySpringbootLab] [restartedMain] o.h.Version                              : HHH000412: Hibernate ORM core version 6.6.13.Final
2025-05-04T21:36:41.172+09:00  INFO 28040 --- [MySpringbootLab] [restartedMain] o.h.c.i.RegionFactoryInitiator           : HHH000026: Second-level cache disabled
2025-05-04T21:36:41.463+09:00  INFO 28040 --- [MySpringbootLab] [restartedMain] o.s.o.j.p.SpringPersistenceUnitInfo      : No LoadTimeWeaver setup: ignoring JPA class transformer
2025-05-04T21:36:41.545+09:00  INFO 28040 --- [MySpringbootLab] [restartedMain] o.h.o.c.pooling                          : HHH10001005: Database info:
	Database JDBC URL [Connecting through datasource 'HikariDataSource (HikariPool-1)']
	Database driver: undefined/unknown
	Database version: 2.3.232
	Autocommit mode: undefined/unknown
	Isolation level: undefined/unknown
	Minimum pool size: undefined/unknown
	Maximum pool size: undefined/unknown
2025-05-04T21:36:41.886+09:00  INFO 28040 --- [MySpringbootLab] [restartedMain] o.h.e.t.j.p.i.JtaPlatformInitiator       : HHH000489: No JTA platform available (set 'hibernate.transaction.jta.platform' to enable JTA platform integration)
2025-05-04T21:36:41.891+09:00  INFO 28040 --- [MySpringbootLab] [restartedMain] j.LocalContainerEntityManagerFactoryBean : Initialized JPA EntityManagerFactory for persistence unit 'default'
2025-05-04T21:36:41.997+09:00  WARN 28040 --- [MySpringbootLab] [restartedMain] JpaBaseConfiguration$JpaWebConfiguration : spring.jpa.open-in-view is enabled by default. Therefore, database queries may be performed during view rendering. Explicitly configure spring.jpa.open-in-view to disable this warning
2025-05-04T21:36:42.371+09:00  WARN 28040 --- [MySpringbootLab] [restartedMain] ion$DefaultTemplateResolverConfiguration : Cannot find template location: classpath:/templates/ (please add some templates, check your Thymeleaf configuration, or set spring.thymeleaf.check-template-location=false)
2025-05-04T21:36:42.720+09:00  INFO 28040 --- [MySpringbootLab] [restartedMain] o.s.b.a.h.H2ConsoleAutoConfiguration     : H2 console available at '/h2-console'. Database available at 'jdbc:h2:mem:1f4c5c2f-9844-4f2d-8068-5b5fb1a11318'
2025-05-04T21:36:42.795+09:00  INFO 28040 --- [MySpringbootLab] [restartedMain] o.s.b.d.a.OptionalLiveReloadServer       : LiveReload server is running on port 35729
2025-05-04T21:36:42.806+09:00  INFO 28040 --- [MySpringbootLab] [restartedMain] o.s.b.a.e.w.EndpointLinksResolver        : Exposing 1 endpoint beneath base path '/actuator'
2025-05-04T21:36:42.888+09:00  INFO 28040 --- [MySpringbootLab] [restartedMain] o.s.b.w.e.t.TomcatWebServer              : Tomcat started on port 8080 (http) with context path '/'
2025-05-04T21:36:42.903+09:00  INFO 28040 --- [MySpringbootLab] [restartedMain] c.r.m.MySpringbootLabApplication         : Started MySpringbootLabApplication in 4.877 seconds (process running for 5.691)
2025-05-04T21:36:42.938+09:00  INFO 28040 --- [MySpringbootLab] [restartedMain] c.r.m.r.MyPropRunner                     : username: springboot
2025-05-04T21:36:42.939+09:00  INFO 28040 --- [MySpringbootLab] [restartedMain] c.r.m.r.MyPropRunner                     : 현재 실행 환경: 운영환경
2025-05-04T21:38:05.215+09:00  INFO 28040 --- [MySpringbootLab] [SpringApplicationShutdownHook] o.s.b.w.e.t.GracefulShutdown             : Commencing graceful shutdown. Waiting for active requests to complete
2025-05-04T21:38:05.389+09:00  INFO 28040 --- [MySpringbootLab] [tomcat-shutdown] o.s.b.w.e.t.GracefulShutdown             : Graceful shutdown complete
2025-05-04T21:38:05.394+09:00  INFO 28040 --- [MySpringbootLab] [SpringApplicationShutdownHook] j.LocalContainerEntityManagerFactoryBean : Closing JPA EntityManagerFactory for persistence unit 'default'
2025-05-04T21:38:05.400+09:00  WARN 28040 --- [MySpringbootLab] [SpringApplicationShutdownHook] o.s.b.f.s.DisposableBeanAdapter          : Invocation of destroy method failed on bean with name 'inMemoryDatabaseShutdownExecutor': org.h2.jdbc.JdbcSQLNonTransientConnectionException: Database is already closed (to disable automatic closing at VM shutdown, add ";DB_CLOSE_ON_EXIT=FALSE" to the db URL) [90121-232]
2025-05-04T21:38:05.401+09:00  INFO 28040 --- [MySpringbootLab] [SpringApplicationShutdownHook] c.z.h.HikariDataSource                   : HikariPool-1 - Shutdown initiated...
2025-05-04T21:38:05.403+09:00  INFO 28040 --- [MySpringbootLab] [SpringApplicationShutdownHook] c.z.h.HikariDataSource                   : HikariPool-1 - Shutdown completed.
2025-05-04T21:38:07.711+09:00  INFO 29512 --- [MySpringbootLab] [restartedMain] c.r.m.MySpringbootLabApplication         : Starting MySpringbootLabApplication using Java 17.0.2 with PID 29512 (C:\mybackend\MySpringbootLab\MySpringbootLab\target\classes started by pshcc in C:\mybackend\MySpringbootLab)
2025-05-04T21:38:07.716+09:00  INFO 29512 --- [MySpringbootLab] [restartedMain] c.r.m.MySpringbootLabApplication         : The following 1 profile is active: "prod"
2025-05-04T21:38:07.763+09:00  INFO 29512 --- [MySpringbootLab] [restartedMain] .e.DevToolsPropertyDefaultsPostProcessor : Devtools property defaults active! Set 'spring.devtools.add-properties' to 'false' to disable
2025-05-04T21:38:07.763+09:00  INFO 29512 --- [MySpringbootLab] [restartedMain] .e.DevToolsPropertyDefaultsPostProcessor : For additional web related logging consider setting the 'logging.level.web' property to 'DEBUG'
2025-05-04T21:38:08.859+09:00  INFO 29512 --- [MySpringbootLab] [restartedMain] .s.d.r.c.RepositoryConfigurationDelegate : Bootstrapping Spring Data JPA repositories in DEFAULT mode.
2025-05-04T21:38:08.882+09:00  INFO 29512 --- [MySpringbootLab] [restartedMain] .s.d.r.c.RepositoryConfigurationDelegate : Finished Spring Data repository scanning in 13 ms. Found 0 JPA repository interfaces.
2025-05-04T21:38:09.888+09:00  INFO 29512 --- [MySpringbootLab] [restartedMain] o.s.b.w.e.t.TomcatWebServer              : Tomcat initialized with port 8080 (http)
2025-05-04T21:38:09.905+09:00  INFO 29512 --- [MySpringbootLab] [restartedMain] o.a.c.c.StandardService                  : Starting service [Tomcat]
2025-05-04T21:38:09.907+09:00  INFO 29512 --- [MySpringbootLab] [restartedMain] o.a.c.c.StandardEngine                   : Starting Servlet engine: [Apache Tomcat/10.1.40]
2025-05-04T21:38:09.986+09:00  INFO 29512 --- [MySpringbootLab] [restartedMain] o.a.c.c.C.[.[.[/]                        : Initializing Spring embedded WebApplicationContext
2025-05-04T21:38:09.988+09:00  INFO 29512 --- [MySpringbootLab] [restartedMain] w.s.c.ServletWebServerApplicationContext : Root WebApplicationContext: initialization completed in 2222 ms
2025-05-04T21:38:10.370+09:00  INFO 29512 --- [MySpringbootLab] [restartedMain] c.z.h.HikariDataSource                   : HikariPool-1 - Starting...
2025-05-04T21:38:10.572+09:00  INFO 29512 --- [MySpringbootLab] [restartedMain] c.z.h.p.HikariPool                       : HikariPool-1 - Added connection conn0: url=jdbc:h2:mem:79a76918-1eb2-4df3-b18e-1ce131a45ffe user=SA
2025-05-04T21:38:10.574+09:00  INFO 29512 --- [MySpringbootLab] [restartedMain] c.z.h.HikariDataSource                   : HikariPool-1 - Start completed.
2025-05-04T21:38:10.631+09:00  INFO 29512 --- [MySpringbootLab] [restartedMain] o.h.j.i.u.LogHelper                      : HHH000204: Processing PersistenceUnitInfo [name: default]
2025-05-04T21:38:10.708+09:00  INFO 29512 --- [MySpringbootLab] [restartedMain] o.h.Version                              : HHH000412: Hibernate ORM core version 6.6.13.Final
2025-05-04T21:38:10.752+09:00  INFO 29512 --- [MySpringbootLab] [restartedMain] o.h.c.i.RegionFactoryInitiator           : HHH000026: Second-level cache disabled
2025-05-04T21:38:11.061+09:00  INFO 29512 --- [MySpringbootLab] [restartedMain] o.s.o.j.p.SpringPersistenceUnitInfo      : No LoadTimeWeaver setup: ignoring JPA class transformer
2025-05-04T21:38:11.148+09:00  INFO 29512 --- [MySpringbootLab] [restartedMain] o.h.o.c.pooling                          : HHH10001005: Database info:
	Database JDBC URL [Connecting through datasource 'HikariDataSource (HikariPool-1)']
	Database driver: undefined/unknown
	Database version: 2.3.232
	Autocommit mode: undefined/unknown
	Isolation level: undefined/unknown
	Minimum pool size: undefined/unknown
	Maximum pool size: undefined/unknown
2025-05-04T21:38:11.528+09:00  INFO 29512 --- [MySpringbootLab] [restartedMain] o.h.e.t.j.p.i.JtaPlatformInitiator       : HHH000489: No JTA platform available (set 'hibernate.transaction.jta.platform' to enable JTA platform integration)
2025-05-04T21:38:11.533+09:00  INFO 29512 --- [MySpringbootLab] [restartedMain] j.LocalContainerEntityManagerFactoryBean : Initialized JPA EntityManagerFactory for persistence unit 'default'
2025-05-04T21:38:11.650+09:00  WARN 29512 --- [MySpringbootLab] [restartedMain] JpaBaseConfiguration$JpaWebConfiguration : spring.jpa.open-in-view is enabled by default. Therefore, database queries may be performed during view rendering. Explicitly configure spring.jpa.open-in-view to disable this warning
2025-05-04T21:38:12.132+09:00  WARN 29512 --- [MySpringbootLab] [restartedMain] ion$DefaultTemplateResolverConfiguration : Cannot find template location: classpath:/templates/ (please add some templates, check your Thymeleaf configuration, or set spring.thymeleaf.check-template-location=false)
2025-05-04T21:38:12.487+09:00  INFO 29512 --- [MySpringbootLab] [restartedMain] o.s.b.a.h.H2ConsoleAutoConfiguration     : H2 console available at '/h2-console'. Database available at 'jdbc:h2:mem:79a76918-1eb2-4df3-b18e-1ce131a45ffe'
2025-05-04T21:38:12.556+09:00  INFO 29512 --- [MySpringbootLab] [restartedMain] o.s.b.d.a.OptionalLiveReloadServer       : LiveReload server is running on port 35729
2025-05-04T21:38:12.567+09:00  INFO 29512 --- [MySpringbootLab] [restartedMain] o.s.b.a.e.w.EndpointLinksResolver        : Exposing 1 endpoint beneath base path '/actuator'
2025-05-04T21:38:12.648+09:00  INFO 29512 --- [MySpringbootLab] [restartedMain] o.s.b.w.e.t.TomcatWebServer              : Tomcat started on port 8080 (http) with context path '/'
2025-05-04T21:38:12.663+09:00  INFO 29512 --- [MySpringbootLab] [restartedMain] c.r.m.MySpringbootLabApplication         : Started MySpringbootLabApplication in 5.455 seconds (process running for 6.438)
2025-05-04T21:38:12.700+09:00  INFO 29512 --- [MySpringbootLab] [restartedMain] c.r.m.r.MyPropRunner                     : username: springboot
2025-05-04T21:38:12.700+09:00  INFO 29512 --- [MySpringbootLab] [restartedMain] c.r.m.r.MyPropRunner                     : 현재 실행 환경: 운영환경
2025-05-04T21:39:00.470+09:00  INFO 29512 --- [MySpringbootLab] [SpringApplicationShutdownHook] o.s.b.w.e.t.GracefulShutdown             : Commencing graceful shutdown. Waiting for active requests to complete
2025-05-04T21:39:00.630+09:00  INFO 29512 --- [MySpringbootLab] [tomcat-shutdown] o.s.b.w.e.t.GracefulShutdown             : Graceful shutdown complete
2025-05-04T21:39:00.635+09:00  INFO 29512 --- [MySpringbootLab] [SpringApplicationShutdownHook] j.LocalContainerEntityManagerFactoryBean : Closing JPA EntityManagerFactory for persistence unit 'default'
2025-05-04T21:39:00.641+09:00  WARN 29512 --- [MySpringbootLab] [SpringApplicationShutdownHook] o.s.b.f.s.DisposableBeanAdapter          : Invocation of destroy method failed on bean with name 'inMemoryDatabaseShutdownExecutor': org.h2.jdbc.JdbcSQLNonTransientConnectionException: Database is already closed (to disable automatic closing at VM shutdown, add ";DB_CLOSE_ON_EXIT=FALSE" to the db URL) [90121-232]
2025-05-04T21:39:00.642+09:00  INFO 29512 --- [MySpringbootLab] [SpringApplicationShutdownHook] c.z.h.HikariDataSource                   : HikariPool-1 - Shutdown initiated...
2025-05-04T21:39:00.643+09:00  INFO 29512 --- [MySpringbootLab] [SpringApplicationShutdownHook] c.z.h.HikariDataSource                   : HikariPool-1 - Shutdown completed.
2025-05-04T21:39:02.798+09:00  INFO 24632 --- [MySpringbootLab] [restartedMain] c.r.m.MySpringbootLabApplication         : Starting MySpringbootLabApplication using Java 17.0.2 with PID 24632 (C:\mybackend\MySpringbootLab\MySpringbootLab\target\classes started by pshcc in C:\mybackend\MySpringbootLab)
2025-05-04T21:39:02.803+09:00  INFO 24632 --- [MySpringbootLab] [restartedMain] c.r.m.MySpringbootLabApplication         : The following 1 profile is active: "prod"
2025-05-04T21:39:02.847+09:00  INFO 24632 --- [MySpringbootLab] [restartedMain] .e.DevToolsPropertyDefaultsPostProcessor : Devtools property defaults active! Set 'spring.devtools.add-properties' to 'false' to disable
2025-05-04T21:39:02.847+09:00  INFO 24632 --- [MySpringbootLab] [restartedMain] .e.DevToolsPropertyDefaultsPostProcessor : For additional web related logging consider setting the 'logging.level.web' property to 'DEBUG'
2025-05-04T21:39:03.824+09:00  INFO 24632 --- [MySpringbootLab] [restartedMain] .s.d.r.c.RepositoryConfigurationDelegate : Bootstrapping Spring Data JPA repositories in DEFAULT mode.
2025-05-04T21:39:03.847+09:00  INFO 24632 --- [MySpringbootLab] [restartedMain] .s.d.r.c.RepositoryConfigurationDelegate : Finished Spring Data repository scanning in 13 ms. Found 0 JPA repository interfaces.
2025-05-04T21:39:04.704+09:00  INFO 24632 --- [MySpringbootLab] [restartedMain] o.s.b.w.e.t.TomcatWebServer              : Tomcat initialized with port 8080 (http)
2025-05-04T21:39:04.721+09:00  INFO 24632 --- [MySpringbootLab] [restartedMain] o.a.c.c.StandardService                  : Starting service [Tomcat]
2025-05-04T21:39:04.722+09:00  INFO 24632 --- [MySpringbootLab] [restartedMain] o.a.c.c.StandardEngine                   : Starting Servlet engine: [Apache Tomcat/10.1.40]
2025-05-04T21:39:04.788+09:00  INFO 24632 --- [MySpringbootLab] [restartedMain] o.a.c.c.C.[.[.[/]                        : Initializing Spring embedded WebApplicationContext
2025-05-04T21:39:04.789+09:00  INFO 24632 --- [MySpringbootLab] [restartedMain] w.s.c.ServletWebServerApplicationContext : Root WebApplicationContext: initialization completed in 1940 ms
2025-05-04T21:39:05.098+09:00  INFO 24632 --- [MySpringbootLab] [restartedMain] c.z.h.HikariDataSource                   : HikariPool-1 - Starting...
2025-05-04T21:39:05.274+09:00  INFO 24632 --- [MySpringbootLab] [restartedMain] c.z.h.p.HikariPool                       : HikariPool-1 - Added connection conn0: url=jdbc:h2:mem:cd9287d2-6096-4da5-b2d6-2a9d07f0fd6d user=SA
2025-05-04T21:39:05.276+09:00  INFO 24632 --- [MySpringbootLab] [restartedMain] c.z.h.HikariDataSource                   : HikariPool-1 - Start completed.
2025-05-04T21:39:05.318+09:00  INFO 24632 --- [MySpringbootLab] [restartedMain] o.h.j.i.u.LogHelper                      : HHH000204: Processing PersistenceUnitInfo [name: default]
2025-05-04T21:39:05.378+09:00  INFO 24632 --- [MySpringbootLab] [restartedMain] o.h.Version                              : HHH000412: Hibernate ORM core version 6.6.13.Final
2025-05-04T21:39:05.415+09:00  INFO 24632 --- [MySpringbootLab] [restartedMain] o.h.c.i.RegionFactoryInitiator           : HHH000026: Second-level cache disabled
2025-05-04T21:39:05.664+09:00  INFO 24632 --- [MySpringbootLab] [restartedMain] o.s.o.j.p.SpringPersistenceUnitInfo      : No LoadTimeWeaver setup: ignoring JPA class transformer
2025-05-04T21:39:05.739+09:00  INFO 24632 --- [MySpringbootLab] [restartedMain] o.h.o.c.pooling                          : HHH10001005: Database info:
	Database JDBC URL [Connecting through datasource 'HikariDataSource (HikariPool-1)']
	Database driver: undefined/unknown
	Database version: 2.3.232
	Autocommit mode: undefined/unknown
	Isolation level: undefined/unknown
	Minimum pool size: undefined/unknown
	Maximum pool size: undefined/unknown
2025-05-04T21:39:06.044+09:00  INFO 24632 --- [MySpringbootLab] [restartedMain] o.h.e.t.j.p.i.JtaPlatformInitiator       : HHH000489: No JTA platform available (set 'hibernate.transaction.jta.platform' to enable JTA platform integration)
2025-05-04T21:39:06.049+09:00  INFO 24632 --- [MySpringbootLab] [restartedMain] j.LocalContainerEntityManagerFactoryBean : Initialized JPA EntityManagerFactory for persistence unit 'default'
2025-05-04T21:39:06.153+09:00  WARN 24632 --- [MySpringbootLab] [restartedMain] JpaBaseConfiguration$JpaWebConfiguration : spring.jpa.open-in-view is enabled by default. Therefore, database queries may be performed during view rendering. Explicitly configure spring.jpa.open-in-view to disable this warning
2025-05-04T21:39:06.540+09:00  WARN 24632 --- [MySpringbootLab] [restartedMain] ion$DefaultTemplateResolverConfiguration : Cannot find template location: classpath:/templates/ (please add some templates, check your Thymeleaf configuration, or set spring.thymeleaf.check-template-location=false)
2025-05-04T21:39:06.940+09:00  INFO 24632 --- [MySpringbootLab] [restartedMain] o.s.b.a.h.H2ConsoleAutoConfiguration     : H2 console available at '/h2-console'. Database available at 'jdbc:h2:mem:cd9287d2-6096-4da5-b2d6-2a9d07f0fd6d'
2025-05-04T21:39:07.015+09:00  INFO 24632 --- [MySpringbootLab] [restartedMain] o.s.b.d.a.OptionalLiveReloadServer       : LiveReload server is running on port 35729
2025-05-04T21:39:07.027+09:00  INFO 24632 --- [MySpringbootLab] [restartedMain] o.s.b.a.e.w.EndpointLinksResolver        : Exposing 1 endpoint beneath base path '/actuator'
2025-05-04T21:39:07.115+09:00  INFO 24632 --- [MySpringbootLab] [restartedMain] o.s.b.w.e.t.TomcatWebServer              : Tomcat started on port 8080 (http) with context path '/'
2025-05-04T21:39:07.134+09:00  INFO 24632 --- [MySpringbootLab] [restartedMain] c.r.m.MySpringbootLabApplication         : Started MySpringbootLabApplication in 4.81 seconds (process running for 5.627)
2025-05-04T21:39:07.173+09:00  INFO 24632 --- [MySpringbootLab] [restartedMain] c.r.m.r.MyPropRunner                     : username: springboot
2025-05-04T21:39:07.173+09:00  INFO 24632 --- [MySpringbootLab] [restartedMain] c.r.m.r.MyPropRunner                     : 현재 실행 환경: 운영환경
2025-05-04T21:41:29.799+09:00  INFO 24632 --- [MySpringbootLab] [SpringApplicationShutdownHook] o.s.b.w.e.t.GracefulShutdown             : Commencing graceful shutdown. Waiting for active requests to complete
2025-05-04T21:41:29.959+09:00  INFO 24632 --- [MySpringbootLab] [tomcat-shutdown] o.s.b.w.e.t.GracefulShutdown             : Graceful shutdown complete
2025-05-04T21:41:29.964+09:00  INFO 24632 --- [MySpringbootLab] [SpringApplicationShutdownHook] j.LocalContainerEntityManagerFactoryBean : Closing JPA EntityManagerFactory for persistence unit 'default'
2025-05-04T21:41:29.970+09:00  WARN 24632 --- [MySpringbootLab] [SpringApplicationShutdownHook] o.s.b.f.s.DisposableBeanAdapter          : Invocation of destroy method failed on bean with name 'inMemoryDatabaseShutdownExecutor': org.h2.jdbc.JdbcSQLNonTransientConnectionException: Database is already closed (to disable automatic closing at VM shutdown, add ";DB_CLOSE_ON_EXIT=FALSE" to the db URL) [90121-232]
2025-05-04T21:41:29.971+09:00  INFO 24632 --- [MySpringbootLab] [SpringApplicationShutdownHook] c.z.h.HikariDataSource                   : HikariPool-1 - Shutdown initiated...
2025-05-04T21:41:29.972+09:00  INFO 24632 --- [MySpringbootLab] [SpringApplicationShutdownHook] c.z.h.HikariDataSource                   : HikariPool-1 - Shutdown completed.
2025-05-04T21:45:57.705+09:00  INFO 2492 --- [MySpringbootLab] [restartedMain] c.r.m.MySpringbootLabApplication         : Starting MySpringbootLabApplication using Java 17.0.2 with PID 2492 (C:\mybackend\MySpringbootLab\MySpringbootLab\target\classes started by pshcc in C:\mybackend\MySpringbootLab)
2025-05-04T21:45:57.710+09:00  INFO 2492 --- [MySpringbootLab] [restartedMain] c.r.m.MySpringbootLabApplication         : The following 1 profile is active: "prod"
2025-05-04T21:45:57.760+09:00  INFO 2492 --- [MySpringbootLab] [restartedMain] .e.DevToolsPropertyDefaultsPostProcessor : Devtools property defaults active! Set 'spring.devtools.add-properties' to 'false' to disable
2025-05-04T21:45:57.761+09:00  INFO 2492 --- [MySpringbootLab] [restartedMain] .e.DevToolsPropertyDefaultsPostProcessor : For additional web related logging consider setting the 'logging.level.web' property to 'DEBUG'
2025-05-04T21:45:58.798+09:00  INFO 2492 --- [MySpringbootLab] [restartedMain] .s.d.r.c.RepositoryConfigurationDelegate : Bootstrapping Spring Data JPA repositories in DEFAULT mode.
2025-05-04T21:45:58.822+09:00  INFO 2492 --- [MySpringbootLab] [restartedMain] .s.d.r.c.RepositoryConfigurationDelegate : Finished Spring Data repository scanning in 14 ms. Found 0 JPA repository interfaces.
2025-05-04T21:45:59.706+09:00  INFO 2492 --- [MySpringbootLab] [restartedMain] o.s.b.w.e.t.TomcatWebServer              : Tomcat initialized with port 8080 (http)
2025-05-04T21:45:59.786+09:00  INFO 2492 --- [MySpringbootLab] [restartedMain] w.s.c.ServletWebServerApplicationContext : Root WebApplicationContext: initialization completed in 2022 ms
2025-05-04T21:46:00.107+09:00  INFO 2492 --- [MySpringbootLab] [restartedMain] c.z.h.HikariDataSource                   : HikariPool-1 - Starting...
2025-05-04T21:46:00.287+09:00  INFO 2492 --- [MySpringbootLab] [restartedMain] c.z.h.p.HikariPool                       : HikariPool-1 - Added connection conn0: url=jdbc:h2:mem:3a5798be-1a78-4ad1-aef6-2bbae80efd93 user=SA
2025-05-04T21:46:00.289+09:00  INFO 2492 --- [MySpringbootLab] [restartedMain] c.z.h.HikariDataSource                   : HikariPool-1 - Start completed.
2025-05-04T21:46:00.334+09:00  INFO 2492 --- [MySpringbootLab] [restartedMain] o.h.j.i.u.LogHelper                      : HHH000204: Processing PersistenceUnitInfo [name: default]
2025-05-04T21:46:00.393+09:00  INFO 2492 --- [MySpringbootLab] [restartedMain] o.h.Version                              : HHH000412: Hibernate ORM core version 6.6.13.Final
2025-05-04T21:46:00.429+09:00  INFO 2492 --- [MySpringbootLab] [restartedMain] o.h.c.i.RegionFactoryInitiator           : HHH000026: Second-level cache disabled
2025-05-04T21:46:00.700+09:00  INFO 2492 --- [MySpringbootLab] [restartedMain] o.s.o.j.p.SpringPersistenceUnitInfo      : No LoadTimeWeaver setup: ignoring JPA class transformer
2025-05-04T21:46:00.780+09:00  INFO 2492 --- [MySpringbootLab] [restartedMain] o.h.o.c.pooling                          : HHH10001005: Database info:
	Database JDBC URL [Connecting through datasource 'HikariDataSource (HikariPool-1)']
	Database driver: undefined/unknown
	Database version: 2.3.232
	Autocommit mode: undefined/unknown
	Isolation level: undefined/unknown
	Minimum pool size: undefined/unknown
	Maximum pool size: undefined/unknown
2025-05-04T21:46:01.107+09:00  INFO 2492 --- [MySpringbootLab] [restartedMain] o.h.e.t.j.p.i.JtaPlatformInitiator       : HHH000489: No JTA platform available (set 'hibernate.transaction.jta.platform' to enable JTA platform integration)
2025-05-04T21:46:01.112+09:00  INFO 2492 --- [MySpringbootLab] [restartedMain] j.LocalContainerEntityManagerFactoryBean : Initialized JPA EntityManagerFactory for persistence unit 'default'
2025-05-04T21:46:01.231+09:00  WARN 2492 --- [MySpringbootLab] [restartedMain] JpaBaseConfiguration$JpaWebConfiguration : spring.jpa.open-in-view is enabled by default. Therefore, database queries may be performed during view rendering. Explicitly configure spring.jpa.open-in-view to disable this warning
2025-05-04T21:46:01.636+09:00  WARN 2492 --- [MySpringbootLab] [restartedMain] ion$DefaultTemplateResolverConfiguration : Cannot find template location: classpath:/templates/ (please add some templates, check your Thymeleaf configuration, or set spring.thymeleaf.check-template-location=false)
2025-05-04T21:46:01.998+09:00  INFO 2492 --- [MySpringbootLab] [restartedMain] o.s.b.a.h.H2ConsoleAutoConfiguration     : H2 console available at '/h2-console'. Database available at 'jdbc:h2:mem:3a5798be-1a78-4ad1-aef6-2bbae80efd93'
2025-05-04T21:46:02.067+09:00  INFO 2492 --- [MySpringbootLab] [restartedMain] o.s.b.d.a.OptionalLiveReloadServer       : LiveReload server is running on port 35729
2025-05-04T21:46:02.076+09:00  INFO 2492 --- [MySpringbootLab] [restartedMain] o.s.b.a.e.w.EndpointLinksResolver        : Exposing 1 endpoint beneath base path '/actuator'
2025-05-04T21:46:02.150+09:00  INFO 2492 --- [MySpringbootLab] [restartedMain] o.s.b.w.e.t.TomcatWebServer              : Tomcat started on port 8080 (http) with context path '/'
2025-05-04T21:46:02.164+09:00  INFO 2492 --- [MySpringbootLab] [restartedMain] c.r.m.MySpringbootLabApplication         : Started MySpringbootLabApplication in 4.914 seconds (process running for 5.699)
2025-05-04T21:46:02.166+09:00  INFO 2492 --- [MySpringbootLab] [SpringApplicationShutdownHook] o.s.b.w.e.t.GracefulShutdown             : Commencing graceful shutdown. Waiting for active requests to complete
2025-05-04T21:46:02.196+09:00  INFO 2492 --- [MySpringbootLab] [restartedMain] c.r.m.r.MyPropRunner                     : username: springboot
2025-05-04T21:46:02.196+09:00  INFO 2492 --- [MySpringbootLab] [restartedMain] c.r.m.r.MyPropRunner                     : 현재 실행 환경: 운영환경
2025-05-04T21:46:02.348+09:00  INFO 2492 --- [MySpringbootLab] [tomcat-shutdown] o.s.b.w.e.t.GracefulShutdown             : Graceful shutdown complete
2025-05-04T21:46:02.353+09:00  INFO 2492 --- [MySpringbootLab] [SpringApplicationShutdownHook] j.LocalContainerEntityManagerFactoryBean : Closing JPA EntityManagerFactory for persistence unit 'default'
2025-05-04T21:46:02.359+09:00  WARN 2492 --- [MySpringbootLab] [SpringApplicationShutdownHook] o.s.b.f.s.DisposableBeanAdapter          : Invocation of destroy method failed on bean with name 'inMemoryDatabaseShutdownExecutor': org.h2.jdbc.JdbcSQLNonTransientConnectionException: Database is already closed (to disable automatic closing at VM shutdown, add ";DB_CLOSE_ON_EXIT=FALSE" to the db URL) [90121-232]
2025-05-04T21:46:02.360+09:00  INFO 2492 --- [MySpringbootLab] [SpringApplicationShutdownHook] c.z.h.HikariDataSource                   : HikariPool-1 - Shutdown initiated...
2025-05-04T21:46:02.362+09:00  INFO 2492 --- [MySpringbootLab] [SpringApplicationShutdownHook] c.z.h.HikariDataSource                   : HikariPool-1 - Shutdown completed.
2025-05-04T21:46:14.490+09:00  INFO 28608 --- [MySpringbootLab] [restartedMain] c.r.m.MySpringbootLabApplication         : Starting MySpringbootLabApplication using Java 17.0.2 with PID 28608 (C:\mybackend\MySpringbootLab\MySpringbootLab\target\classes started by pshcc in C:\mybackend\MySpringbootLab)
2025-05-04T21:46:14.495+09:00  INFO 28608 --- [MySpringbootLab] [restartedMain] c.r.m.MySpringbootLabApplication         : The following 1 profile is active: "prod"
2025-05-04T21:46:14.539+09:00  INFO 28608 --- [MySpringbootLab] [restartedMain] .e.DevToolsPropertyDefaultsPostProcessor : Devtools property defaults active! Set 'spring.devtools.add-properties' to 'false' to disable
2025-05-04T21:46:14.539+09:00  INFO 28608 --- [MySpringbootLab] [restartedMain] .e.DevToolsPropertyDefaultsPostProcessor : For additional web related logging consider setting the 'logging.level.web' property to 'DEBUG'
2025-05-04T21:46:15.534+09:00  INFO 28608 --- [MySpringbootLab] [restartedMain] .s.d.r.c.RepositoryConfigurationDelegate : Bootstrapping Spring Data JPA repositories in DEFAULT mode.
2025-05-04T21:46:15.557+09:00  INFO 28608 --- [MySpringbootLab] [restartedMain] .s.d.r.c.RepositoryConfigurationDelegate : Finished Spring Data repository scanning in 14 ms. Found 0 JPA repository interfaces.
2025-05-04T21:46:16.456+09:00  INFO 28608 --- [MySpringbootLab] [restartedMain] o.s.b.w.e.t.TomcatWebServer              : Tomcat initialized with port 8080 (http)
2025-05-04T21:46:16.475+09:00  INFO 28608 --- [MySpringbootLab] [restartedMain] o.a.c.c.StandardService                  : Starting service [Tomcat]
2025-05-04T21:46:16.476+09:00  INFO 28608 --- [MySpringbootLab] [restartedMain] o.a.c.c.StandardEngine                   : Starting Servlet engine: [Apache Tomcat/10.1.40]
2025-05-04T21:46:16.551+09:00  INFO 28608 --- [MySpringbootLab] [restartedMain] o.a.c.c.C.[.[.[/]                        : Initializing Spring embedded WebApplicationContext
2025-05-04T21:46:16.553+09:00  INFO 28608 --- [MySpringbootLab] [restartedMain] w.s.c.ServletWebServerApplicationContext : Root WebApplicationContext: initialization completed in 2011 ms
2025-05-04T21:46:16.912+09:00  INFO 28608 --- [MySpringbootLab] [restartedMain] c.z.h.HikariDataSource                   : HikariPool-1 - Starting...
2025-05-04T21:46:17.122+09:00  INFO 28608 --- [MySpringbootLab] [restartedMain] c.z.h.p.HikariPool                       : HikariPool-1 - Added connection conn0: url=jdbc:h2:mem:5d889f77-93e8-4c22-9ea4-6b516b78d131 user=SA
2025-05-04T21:46:17.125+09:00  INFO 28608 --- [MySpringbootLab] [restartedMain] c.z.h.HikariDataSource                   : HikariPool-1 - Start completed.
2025-05-04T21:46:17.172+09:00  INFO 28608 --- [MySpringbootLab] [restartedMain] o.h.j.i.u.LogHelper                      : HHH000204: Processing PersistenceUnitInfo [name: default]
2025-05-04T21:46:17.236+09:00  INFO 28608 --- [MySpringbootLab] [restartedMain] o.h.Version                              : HHH000412: Hibernate ORM core version 6.6.13.Final
2025-05-04T21:46:17.279+09:00  INFO 28608 --- [MySpringbootLab] [restartedMain] o.h.c.i.RegionFactoryInitiator           : HHH000026: Second-level cache disabled
2025-05-04T21:46:17.554+09:00  INFO 28608 --- [MySpringbootLab] [restartedMain] o.s.o.j.p.SpringPersistenceUnitInfo      : No LoadTimeWeaver setup: ignoring JPA class transformer
2025-05-04T21:46:17.630+09:00  INFO 28608 --- [MySpringbootLab] [restartedMain] o.h.o.c.pooling                          : HHH10001005: Database info:
	Database JDBC URL [Connecting through datasource 'HikariDataSource (HikariPool-1)']
	Database driver: undefined/unknown
	Database version: 2.3.232
	Autocommit mode: undefined/unknown
	Isolation level: undefined/unknown
	Minimum pool size: undefined/unknown
	Maximum pool size: undefined/unknown
2025-05-04T21:46:17.971+09:00  INFO 28608 --- [MySpringbootLab] [restartedMain] o.h.e.t.j.p.i.JtaPlatformInitiator       : HHH000489: No JTA platform available (set 'hibernate.transaction.jta.platform' to enable JTA platform integration)
2025-05-04T21:46:17.976+09:00  INFO 28608 --- [MySpringbootLab] [restartedMain] j.LocalContainerEntityManagerFactoryBean : Initialized JPA EntityManagerFactory for persistence unit 'default'
2025-05-04T21:46:18.102+09:00  WARN 28608 --- [MySpringbootLab] [restartedMain] JpaBaseConfiguration$JpaWebConfiguration : spring.jpa.open-in-view is enabled by default. Therefore, database queries may be performed during view rendering. Explicitly configure spring.jpa.open-in-view to disable this warning
2025-05-04T21:46:18.576+09:00  WARN 28608 --- [MySpringbootLab] [restartedMain] ion$DefaultTemplateResolverConfiguration : Cannot find template location: classpath:/templates/ (please add some templates, check your Thymeleaf configuration, or set spring.thymeleaf.check-template-location=false)
2025-05-04T21:46:18.988+09:00  INFO 28608 --- [MySpringbootLab] [restartedMain] o.s.b.a.h.H2ConsoleAutoConfiguration     : H2 console available at '/h2-console'. Database available at 'jdbc:h2:mem:5d889f77-93e8-4c22-9ea4-6b516b78d131'
2025-05-04T21:46:19.074+09:00  INFO 28608 --- [MySpringbootLab] [restartedMain] o.s.b.d.a.OptionalLiveReloadServer       : LiveReload server is running on port 35729
2025-05-04T21:46:19.087+09:00  INFO 28608 --- [MySpringbootLab] [restartedMain] o.s.b.a.e.w.EndpointLinksResolver        : Exposing 1 endpoint beneath base path '/actuator'
2025-05-04T21:46:19.197+09:00  INFO 28608 --- [MySpringbootLab] [restartedMain] o.s.b.w.e.t.TomcatWebServer              : Tomcat started on port 8080 (http) with context path '/'
2025-05-04T21:46:19.216+09:00  INFO 28608 --- [MySpringbootLab] [restartedMain] c.r.m.MySpringbootLabApplication         : Started MySpringbootLabApplication in 5.184 seconds (process running for 5.964)
2025-05-04T21:46:19.252+09:00  INFO 28608 --- [MySpringbootLab] [restartedMain] c.r.m.r.MyPropRunner                     : username: springboot
2025-05-04T21:46:19.252+09:00  INFO 28608 --- [MySpringbootLab] [restartedMain] c.r.m.r.MyPropRunner                     : 현재 실행 환경: 운영환경
2025-05-04T21:47:31.497+09:00  INFO 28608 --- [MySpringbootLab] [SpringApplicationShutdownHook] o.s.b.w.e.t.GracefulShutdown             : Commencing graceful shutdown. Waiting for active requests to complete
2025-05-04T21:47:31.667+09:00  INFO 28608 --- [MySpringbootLab] [tomcat-shutdown] o.s.b.w.e.t.GracefulShutdown             : Graceful shutdown complete
2025-05-04T21:47:31.672+09:00  INFO 28608 --- [MySpringbootLab] [SpringApplicationShutdownHook] j.LocalContainerEntityManagerFactoryBean : Closing JPA EntityManagerFactory for persistence unit 'default'
2025-05-04T21:47:31.679+09:00  WARN 28608 --- [MySpringbootLab] [SpringApplicationShutdownHook] o.s.b.f.s.DisposableBeanAdapter          : Invocation of destroy method failed on bean with name 'inMemoryDatabaseShutdownExecutor': org.h2.jdbc.JdbcSQLNonTransientConnectionException: Database is already closed (to disable automatic closing at VM shutdown, add ";DB_CLOSE_ON_EXIT=FALSE" to the db URL) [90121-232]
2025-05-04T21:47:31.682+09:00  INFO 28608 --- [MySpringbootLab] [SpringApplicationShutdownHook] c.z.h.HikariDataSource                   : HikariPool-1 - Shutdown initiated...
2025-05-04T21:47:31.685+09:00  INFO 28608 --- [MySpringbootLab] [SpringApplicationShutdownHook] c.z.h.HikariDataSource                   : HikariPool-1 - Shutdown completed.
2025-05-04T21:47:47.271+09:00  INFO 20032 --- [MySpringbootLab] [restartedMain] c.r.m.MySpringbootLabApplication         : Starting MySpringbootLabApplication using Java 17.0.2 with PID 20032 (C:\mybackend\MySpringbootLab\MySpringbootLab\target\classes started by pshcc in C:\mybackend\MySpringbootLab)
2025-05-04T21:47:47.275+09:00  INFO 20032 --- [MySpringbootLab] [restartedMain] c.r.m.MySpringbootLabApplication         : The following 1 profile is active: "prod"
2025-05-04T21:47:47.319+09:00  INFO 20032 --- [MySpringbootLab] [restartedMain] .e.DevToolsPropertyDefaultsPostProcessor : Devtools property defaults active! Set 'spring.devtools.add-properties' to 'false' to disable
2025-05-04T21:47:47.320+09:00  INFO 20032 --- [MySpringbootLab] [restartedMain] .e.DevToolsPropertyDefaultsPostProcessor : For additional web related logging consider setting the 'logging.level.web' property to 'DEBUG'
2025-05-04T21:47:48.345+09:00  INFO 20032 --- [MySpringbootLab] [restartedMain] .s.d.r.c.RepositoryConfigurationDelegate : Bootstrapping Spring Data JPA repositories in DEFAULT mode.
2025-05-04T21:47:48.374+09:00  INFO 20032 --- [MySpringbootLab] [restartedMain] .s.d.r.c.RepositoryConfigurationDelegate : Finished Spring Data repository scanning in 18 ms. Found 0 JPA repository interfaces.
2025-05-04T21:47:49.289+09:00  INFO 20032 --- [MySpringbootLab] [restartedMain] o.s.b.w.e.t.TomcatWebServer              : Tomcat initialized with port 8080 (http)
2025-05-04T21:47:49.306+09:00  INFO 20032 --- [MySpringbootLab] [restartedMain] o.a.c.c.StandardService                  : Starting service [Tomcat]
2025-05-04T21:47:49.308+09:00  INFO 20032 --- [MySpringbootLab] [restartedMain] o.a.c.c.StandardEngine                   : Starting Servlet engine: [Apache Tomcat/10.1.40]
2025-05-04T21:47:49.371+09:00  INFO 20032 --- [MySpringbootLab] [restartedMain] o.a.c.c.C.[.[.[/]                        : Initializing Spring embedded WebApplicationContext
2025-05-04T21:47:49.373+09:00  INFO 20032 --- [MySpringbootLab] [restartedMain] w.s.c.ServletWebServerApplicationContext : Root WebApplicationContext: initialization completed in 2051 ms
2025-05-04T21:47:49.680+09:00  INFO 20032 --- [MySpringbootLab] [restartedMain] c.z.h.HikariDataSource                   : HikariPool-1 - Starting...
2025-05-04T21:47:49.860+09:00  INFO 20032 --- [MySpringbootLab] [restartedMain] c.z.h.p.HikariPool                       : HikariPool-1 - Added connection conn0: url=jdbc:h2:mem:5253d80b-95b8-4fa0-add6-ff0808f3bef9 user=SA
2025-05-04T21:47:49.862+09:00  INFO 20032 --- [MySpringbootLab] [restartedMain] c.z.h.HikariDataSource                   : HikariPool-1 - Start completed.
2025-05-04T21:47:49.906+09:00  INFO 20032 --- [MySpringbootLab] [restartedMain] o.h.j.i.u.LogHelper                      : HHH000204: Processing PersistenceUnitInfo [name: default]
2025-05-04T21:47:49.961+09:00  INFO 20032 --- [MySpringbootLab] [restartedMain] o.h.Version                              : HHH000412: Hibernate ORM core version 6.6.13.Final
2025-05-04T21:47:49.997+09:00  INFO 20032 --- [MySpringbootLab] [restartedMain] o.h.c.i.RegionFactoryInitiator           : HHH000026: Second-level cache disabled
2025-05-04T21:47:50.256+09:00  INFO 20032 --- [MySpringbootLab] [restartedMain] o.s.o.j.p.SpringPersistenceUnitInfo      : No LoadTimeWeaver setup: ignoring JPA class transformer
2025-05-04T21:47:50.334+09:00  INFO 20032 --- [MySpringbootLab] [restartedMain] o.h.o.c.pooling                          : HHH10001005: Database info:
	Database JDBC URL [Connecting through datasource 'HikariDataSource (HikariPool-1)']
	Database driver: undefined/unknown
	Database version: 2.3.232
	Autocommit mode: undefined/unknown
	Isolation level: undefined/unknown
	Minimum pool size: undefined/unknown
	Maximum pool size: undefined/unknown
2025-05-04T21:47:50.657+09:00  INFO 20032 --- [MySpringbootLab] [restartedMain] o.h.e.t.j.p.i.JtaPlatformInitiator       : HHH000489: No JTA platform available (set 'hibernate.transaction.jta.platform' to enable JTA platform integration)
2025-05-04T21:47:50.661+09:00  INFO 20032 --- [MySpringbootLab] [restartedMain] j.LocalContainerEntityManagerFactoryBean : Initialized JPA EntityManagerFactory for persistence unit 'default'
2025-05-04T21:47:50.759+09:00  WARN 20032 --- [MySpringbootLab] [restartedMain] JpaBaseConfiguration$JpaWebConfiguration : spring.jpa.open-in-view is enabled by default. Therefore, database queries may be performed during view rendering. Explicitly configure spring.jpa.open-in-view to disable this warning
2025-05-04T21:47:51.170+09:00  WARN 20032 --- [MySpringbootLab] [restartedMain] ion$DefaultTemplateResolverConfiguration : Cannot find template location: classpath:/templates/ (please add some templates, check your Thymeleaf configuration, or set spring.thymeleaf.check-template-location=false)
2025-05-04T21:47:51.549+09:00  INFO 20032 --- [MySpringbootLab] [restartedMain] o.s.b.a.h.H2ConsoleAutoConfiguration     : H2 console available at '/h2-console'. Database available at 'jdbc:h2:mem:5253d80b-95b8-4fa0-add6-ff0808f3bef9'
2025-05-04T21:47:51.621+09:00  INFO 20032 --- [MySpringbootLab] [restartedMain] o.s.b.d.a.OptionalLiveReloadServer       : LiveReload server is running on port 35729
2025-05-04T21:47:51.633+09:00  INFO 20032 --- [MySpringbootLab] [restartedMain] o.s.b.a.e.w.EndpointLinksResolver        : Exposing 1 endpoint beneath base path '/actuator'
2025-05-04T21:47:51.722+09:00  INFO 20032 --- [MySpringbootLab] [restartedMain] o.s.b.w.e.t.TomcatWebServer              : Tomcat started on port 8080 (http) with context path '/'
2025-05-04T21:47:51.738+09:00  INFO 20032 --- [MySpringbootLab] [restartedMain] c.r.m.MySpringbootLabApplication         : Started MySpringbootLabApplication in 4.986 seconds (process running for 5.769)
2025-05-04T21:47:51.777+09:00  INFO 20032 --- [MySpringbootLab] [restartedMain] c.r.m.r.MyPropRunner                     : username: springboot
2025-05-04T21:47:51.778+09:00  INFO 20032 --- [MySpringbootLab] [restartedMain] c.r.m.r.MyPropRunner                     : 현재 실행 환경: 운영환경
2025-05-04T21:48:14.823+09:00  INFO 20032 --- [MySpringbootLab] [SpringApplicationShutdownHook] o.s.b.w.e.t.GracefulShutdown             : Commencing graceful shutdown. Waiting for active requests to complete
2025-05-04T21:48:15.013+09:00  INFO 20032 --- [MySpringbootLab] [tomcat-shutdown] o.s.b.w.e.t.GracefulShutdown             : Graceful shutdown complete
2025-05-04T21:48:15.019+09:00  INFO 20032 --- [MySpringbootLab] [SpringApplicationShutdownHook] j.LocalContainerEntityManagerFactoryBean : Closing JPA EntityManagerFactory for persistence unit 'default'
2025-05-04T21:48:15.024+09:00  WARN 20032 --- [MySpringbootLab] [SpringApplicationShutdownHook] o.s.b.f.s.DisposableBeanAdapter          : Invocation of destroy method failed on bean with name 'inMemoryDatabaseShutdownExecutor': org.h2.jdbc.JdbcSQLNonTransientConnectionException: Database is already closed (to disable automatic closing at VM shutdown, add ";DB_CLOSE_ON_EXIT=FALSE" to the db URL) [90121-232]
2025-05-04T21:48:15.025+09:00  INFO 20032 --- [MySpringbootLab] [SpringApplicationShutdownHook] c.z.h.HikariDataSource                   : HikariPool-1 - Shutdown initiated...
2025-05-04T21:48:15.026+09:00  INFO 20032 --- [MySpringbootLab] [SpringApplicationShutdownHook] c.z.h.HikariDataSource                   : HikariPool-1 - Shutdown completed.
2025-05-04T21:48:29.906+09:00  INFO 28200 --- [MySpringbootLab] [restartedMain] c.r.m.MySpringbootLabApplication         : Starting MySpringbootLabApplication using Java 17.0.2 with PID 28200 (C:\mybackend\MySpringbootLab\MySpringbootLab\target\classes started by pshcc in C:\mybackend\MySpringbootLab)
2025-05-04T21:48:29.911+09:00  INFO 28200 --- [MySpringbootLab] [restartedMain] c.r.m.MySpringbootLabApplication         : The following 1 profile is active: "prod"
2025-05-04T21:48:29.955+09:00  INFO 28200 --- [MySpringbootLab] [restartedMain] .e.DevToolsPropertyDefaultsPostProcessor : Devtools property defaults active! Set 'spring.devtools.add-properties' to 'false' to disable
2025-05-04T21:48:29.956+09:00  INFO 28200 --- [MySpringbootLab] [restartedMain] .e.DevToolsPropertyDefaultsPostProcessor : For additional web related logging consider setting the 'logging.level.web' property to 'DEBUG'
2025-05-04T21:48:30.886+09:00  INFO 28200 --- [MySpringbootLab] [restartedMain] .s.d.r.c.RepositoryConfigurationDelegate : Bootstrapping Spring Data JPA repositories in DEFAULT mode.
2025-05-04T21:48:30.917+09:00  INFO 28200 --- [MySpringbootLab] [restartedMain] .s.d.r.c.RepositoryConfigurationDelegate : Finished Spring Data repository scanning in 21 ms. Found 0 JPA repository interfaces.
2025-05-04T21:48:31.930+09:00  INFO 28200 --- [MySpringbootLab] [restartedMain] o.s.b.w.e.t.TomcatWebServer              : Tomcat initialized with port 8080 (http)
2025-05-04T21:48:31.944+09:00  INFO 28200 --- [MySpringbootLab] [restartedMain] o.a.c.c.StandardService                  : Starting service [Tomcat]
2025-05-04T21:48:31.945+09:00  INFO 28200 --- [MySpringbootLab] [restartedMain] o.a.c.c.StandardEngine                   : Starting Servlet engine: [Apache Tomcat/10.1.40]
2025-05-04T21:48:32.016+09:00  INFO 28200 --- [MySpringbootLab] [restartedMain] o.a.c.c.C.[.[.[/]                        : Initializing Spring embedded WebApplicationContext
2025-05-04T21:48:32.018+09:00  INFO 28200 --- [MySpringbootLab] [restartedMain] w.s.c.ServletWebServerApplicationContext : Root WebApplicationContext: initialization completed in 2059 ms
2025-05-04T21:48:32.325+09:00  INFO 28200 --- [MySpringbootLab] [restartedMain] c.z.h.HikariDataSource                   : HikariPool-1 - Starting...
2025-05-04T21:48:32.505+09:00  INFO 28200 --- [MySpringbootLab] [restartedMain] c.z.h.p.HikariPool                       : HikariPool-1 - Added connection conn0: url=jdbc:h2:mem:8cb9bd75-34dd-409b-b412-af535a369c0e user=SA
2025-05-04T21:48:32.507+09:00  INFO 28200 --- [MySpringbootLab] [restartedMain] c.z.h.HikariDataSource                   : HikariPool-1 - Start completed.
2025-05-04T21:48:32.549+09:00  INFO 28200 --- [MySpringbootLab] [restartedMain] o.h.j.i.u.LogHelper                      : HHH000204: Processing PersistenceUnitInfo [name: default]
2025-05-04T21:48:32.614+09:00  INFO 28200 --- [MySpringbootLab] [restartedMain] o.h.Version                              : HHH000412: Hibernate ORM core version 6.6.13.Final
2025-05-04T21:48:32.651+09:00  INFO 28200 --- [MySpringbootLab] [restartedMain] o.h.c.i.RegionFactoryInitiator           : HHH000026: Second-level cache disabled
2025-05-04T21:48:32.909+09:00  INFO 28200 --- [MySpringbootLab] [restartedMain] o.s.o.j.p.SpringPersistenceUnitInfo      : No LoadTimeWeaver setup: ignoring JPA class transformer
2025-05-04T21:48:32.984+09:00  INFO 28200 --- [MySpringbootLab] [restartedMain] o.h.o.c.pooling                          : HHH10001005: Database info:
	Database JDBC URL [Connecting through datasource 'HikariDataSource (HikariPool-1)']
	Database driver: undefined/unknown
	Database version: 2.3.232
	Autocommit mode: undefined/unknown
	Isolation level: undefined/unknown
	Minimum pool size: undefined/unknown
	Maximum pool size: undefined/unknown
2025-05-04T21:48:33.286+09:00  INFO 28200 --- [MySpringbootLab] [restartedMain] o.h.e.t.j.p.i.JtaPlatformInitiator       : HHH000489: No JTA platform available (set 'hibernate.transaction.jta.platform' to enable JTA platform integration)
2025-05-04T21:48:33.291+09:00  INFO 28200 --- [MySpringbootLab] [restartedMain] j.LocalContainerEntityManagerFactoryBean : Initialized JPA EntityManagerFactory for persistence unit 'default'
2025-05-04T21:48:33.390+09:00  WARN 28200 --- [MySpringbootLab] [restartedMain] JpaBaseConfiguration$JpaWebConfiguration : spring.jpa.open-in-view is enabled by default. Therefore, database queries may be performed during view rendering. Explicitly configure spring.jpa.open-in-view to disable this warning
2025-05-04T21:48:33.770+09:00  WARN 28200 --- [MySpringbootLab] [restartedMain] ion$DefaultTemplateResolverConfiguration : Cannot find template location: classpath:/templates/ (please add some templates, check your Thymeleaf configuration, or set spring.thymeleaf.check-template-location=false)
2025-05-04T21:48:34.110+09:00  INFO 28200 --- [MySpringbootLab] [restartedMain] o.s.b.a.h.H2ConsoleAutoConfiguration     : H2 console available at '/h2-console'. Database available at 'jdbc:h2:mem:8cb9bd75-34dd-409b-b412-af535a369c0e'
2025-05-04T21:48:34.176+09:00  INFO 28200 --- [MySpringbootLab] [restartedMain] o.s.b.d.a.OptionalLiveReloadServer       : LiveReload server is running on port 35729
2025-05-04T21:48:34.187+09:00  INFO 28200 --- [MySpringbootLab] [restartedMain] o.s.b.a.e.w.EndpointLinksResolver        : Exposing 1 endpoint beneath base path '/actuator'
2025-05-04T21:48:34.266+09:00  INFO 28200 --- [MySpringbootLab] [restartedMain] o.s.b.w.e.t.TomcatWebServer              : Tomcat started on port 8080 (http) with context path '/'
2025-05-04T21:48:34.280+09:00  INFO 28200 --- [MySpringbootLab] [restartedMain] c.r.m.MySpringbootLabApplication         : Started MySpringbootLabApplication in 4.826 seconds (process running for 5.584)
2025-05-04T21:48:34.312+09:00  INFO 28200 --- [MySpringbootLab] [restartedMain] c.r.m.r.MyPropRunner                     : username: springboot
2025-05-04T21:48:34.312+09:00  INFO 28200 --- [MySpringbootLab] [restartedMain] c.r.m.r.MyPropRunner                     : 현재 실행 환경: 운영환경
2025-05-04T21:48:46.120+09:00  INFO 28200 --- [MySpringbootLab] [SpringApplicationShutdownHook] o.s.b.w.e.t.GracefulShutdown             : Commencing graceful shutdown. Waiting for active requests to complete
2025-05-04T21:48:46.294+09:00  INFO 28200 --- [MySpringbootLab] [tomcat-shutdown] o.s.b.w.e.t.GracefulShutdown             : Graceful shutdown complete
2025-05-04T21:48:46.299+09:00  INFO 28200 --- [MySpringbootLab] [SpringApplicationShutdownHook] j.LocalContainerEntityManagerFactoryBean : Closing JPA EntityManagerFactory for persistence unit 'default'
2025-05-04T21:48:46.305+09:00  WARN 28200 --- [MySpringbootLab] [SpringApplicationShutdownHook] o.s.b.f.s.DisposableBeanAdapter          : Invocation of destroy method failed on bean with name 'inMemoryDatabaseShutdownExecutor': org.h2.jdbc.JdbcSQLNonTransientConnectionException: Database is already closed (to disable automatic closing at VM shutdown, add ";DB_CLOSE_ON_EXIT=FALSE" to the db URL) [90121-232]
2025-05-04T21:48:46.305+09:00  INFO 28200 --- [MySpringbootLab] [SpringApplicationShutdownHook] c.z.h.HikariDataSource                   : HikariPool-1 - Shutdown initiated...
2025-05-04T21:48:46.307+09:00  INFO 28200 --- [MySpringbootLab] [SpringApplicationShutdownHook] c.z.h.HikariDataSource                   : HikariPool-1 - Shutdown completed.
2025-05-04T21:48:48.413+09:00  INFO 26100 --- [MySpringbootLab] [restartedMain] c.r.m.MySpringbootLabApplication         : Starting MySpringbootLabApplication using Java 17.0.2 with PID 26100 (C:\mybackend\MySpringbootLab\MySpringbootLab\target\classes started by pshcc in C:\mybackend\MySpringbootLab)
2025-05-04T21:48:48.418+09:00  INFO 26100 --- [MySpringbootLab] [restartedMain] c.r.m.MySpringbootLabApplication         : The following 1 profile is active: "prod"
2025-05-04T21:48:48.466+09:00  INFO 26100 --- [MySpringbootLab] [restartedMain] .e.DevToolsPropertyDefaultsPostProcessor : Devtools property defaults active! Set 'spring.devtools.add-properties' to 'false' to disable
2025-05-04T21:48:48.466+09:00  INFO 26100 --- [MySpringbootLab] [restartedMain] .e.DevToolsPropertyDefaultsPostProcessor : For additional web related logging consider setting the 'logging.level.web' property to 'DEBUG'
2025-05-04T21:48:49.448+09:00  INFO 26100 --- [MySpringbootLab] [restartedMain] .s.d.r.c.RepositoryConfigurationDelegate : Bootstrapping Spring Data JPA repositories in DEFAULT mode.
2025-05-04T21:48:49.470+09:00  INFO 26100 --- [MySpringbootLab] [restartedMain] .s.d.r.c.RepositoryConfigurationDelegate : Finished Spring Data repository scanning in 13 ms. Found 0 JPA repository interfaces.
2025-05-04T21:48:50.331+09:00  INFO 26100 --- [MySpringbootLab] [restartedMain] o.s.b.w.e.t.TomcatWebServer              : Tomcat initialized with port 8080 (http)
2025-05-04T21:48:50.345+09:00  INFO 26100 --- [MySpringbootLab] [restartedMain] o.a.c.c.StandardService                  : Starting service [Tomcat]
2025-05-04T21:48:50.346+09:00  INFO 26100 --- [MySpringbootLab] [restartedMain] o.a.c.c.StandardEngine                   : Starting Servlet engine: [Apache Tomcat/10.1.40]
2025-05-04T21:48:50.416+09:00  INFO 26100 --- [MySpringbootLab] [restartedMain] o.a.c.c.C.[.[.[/]                        : Initializing Spring embedded WebApplicationContext
2025-05-04T21:48:50.418+09:00  INFO 26100 --- [MySpringbootLab] [restartedMain] w.s.c.ServletWebServerApplicationContext : Root WebApplicationContext: initialization completed in 1949 ms
2025-05-04T21:48:50.722+09:00  INFO 26100 --- [MySpringbootLab] [restartedMain] c.z.h.HikariDataSource                   : HikariPool-1 - Starting...
2025-05-04T21:48:50.898+09:00  INFO 26100 --- [MySpringbootLab] [restartedMain] c.z.h.p.HikariPool                       : HikariPool-1 - Added connection conn0: url=jdbc:h2:mem:922f4727-36e2-4f4a-be69-0b9f1357659f user=SA
2025-05-04T21:48:50.900+09:00  INFO 26100 --- [MySpringbootLab] [restartedMain] c.z.h.HikariDataSource                   : HikariPool-1 - Start completed.
2025-05-04T21:48:50.945+09:00  INFO 26100 --- [MySpringbootLab] [restartedMain] o.h.j.i.u.LogHelper                      : HHH000204: Processing PersistenceUnitInfo [name: default]
2025-05-04T21:48:51.004+09:00  INFO 26100 --- [MySpringbootLab] [restartedMain] o.h.Version                              : HHH000412: Hibernate ORM core version 6.6.13.Final
2025-05-04T21:48:51.043+09:00  INFO 26100 --- [MySpringbootLab] [restartedMain] o.h.c.i.RegionFactoryInitiator           : HHH000026: Second-level cache disabled
2025-05-04T21:48:51.316+09:00  INFO 26100 --- [MySpringbootLab] [restartedMain] o.s.o.j.p.SpringPersistenceUnitInfo      : No LoadTimeWeaver setup: ignoring JPA class transformer
2025-05-04T21:48:51.394+09:00  INFO 26100 --- [MySpringbootLab] [restartedMain] o.h.o.c.pooling                          : HHH10001005: Database info:
	Database JDBC URL [Connecting through datasource 'HikariDataSource (HikariPool-1)']
	Database driver: undefined/unknown
	Database version: 2.3.232
	Autocommit mode: undefined/unknown
	Isolation level: undefined/unknown
	Minimum pool size: undefined/unknown
	Maximum pool size: undefined/unknown
2025-05-04T21:48:51.719+09:00  INFO 26100 --- [MySpringbootLab] [restartedMain] o.h.e.t.j.p.i.JtaPlatformInitiator       : HHH000489: No JTA platform available (set 'hibernate.transaction.jta.platform' to enable JTA platform integration)
2025-05-04T21:48:51.724+09:00  INFO 26100 --- [MySpringbootLab] [restartedMain] j.LocalContainerEntityManagerFactoryBean : Initialized JPA EntityManagerFactory for persistence unit 'default'
2025-05-04T21:48:51.829+09:00  WARN 26100 --- [MySpringbootLab] [restartedMain] JpaBaseConfiguration$JpaWebConfiguration : spring.jpa.open-in-view is enabled by default. Therefore, database queries may be performed during view rendering. Explicitly configure spring.jpa.open-in-view to disable this warning
2025-05-04T21:48:52.235+09:00  WARN 26100 --- [MySpringbootLab] [restartedMain] ion$DefaultTemplateResolverConfiguration : Cannot find template location: classpath:/templates/ (please add some templates, check your Thymeleaf configuration, or set spring.thymeleaf.check-template-location=false)
2025-05-04T21:48:52.572+09:00  INFO 26100 --- [MySpringbootLab] [restartedMain] o.s.b.a.h.H2ConsoleAutoConfiguration     : H2 console available at '/h2-console'. Database available at 'jdbc:h2:mem:922f4727-36e2-4f4a-be69-0b9f1357659f'
2025-05-04T21:48:52.634+09:00  INFO 26100 --- [MySpringbootLab] [restartedMain] o.s.b.d.a.OptionalLiveReloadServer       : LiveReload server is running on port 35729
2025-05-04T21:48:52.643+09:00  INFO 26100 --- [MySpringbootLab] [restartedMain] o.s.b.a.e.w.EndpointLinksResolver        : Exposing 1 endpoint beneath base path '/actuator'
2025-05-04T21:48:52.720+09:00  INFO 26100 --- [MySpringbootLab] [restartedMain] o.s.b.w.e.t.TomcatWebServer              : Tomcat started on port 8080 (http) with context path '/'
2025-05-04T21:48:52.734+09:00  INFO 26100 --- [MySpringbootLab] [restartedMain] c.r.m.MySpringbootLabApplication         : Started MySpringbootLabApplication in 4.798 seconds (process running for 5.598)
2025-05-04T21:48:52.765+09:00  INFO 26100 --- [MySpringbootLab] [restartedMain] c.r.m.r.MyPropRunner                     : username: springboot
2025-05-04T21:48:52.765+09:00  INFO 26100 --- [MySpringbootLab] [restartedMain] c.r.m.r.MyPropRunner                     : 현재 실행 환경: 운영환경
2025-05-04T21:49:28.973+09:00  INFO 26100 --- [MySpringbootLab] [SpringApplicationShutdownHook] o.s.b.w.e.t.GracefulShutdown             : Commencing graceful shutdown. Waiting for active requests to complete
2025-05-04T21:49:29.134+09:00  INFO 26100 --- [MySpringbootLab] [tomcat-shutdown] o.s.b.w.e.t.GracefulShutdown             : Graceful shutdown complete
2025-05-04T21:49:29.139+09:00  INFO 26100 --- [MySpringbootLab] [SpringApplicationShutdownHook] j.LocalContainerEntityManagerFactoryBean : Closing JPA EntityManagerFactory for persistence unit 'default'
2025-05-04T21:49:29.145+09:00  WARN 26100 --- [MySpringbootLab] [SpringApplicationShutdownHook] o.s.b.f.s.DisposableBeanAdapter          : Invocation of destroy method failed on bean with name 'inMemoryDatabaseShutdownExecutor': org.h2.jdbc.JdbcSQLNonTransientConnectionException: Database is already closed (to disable automatic closing at VM shutdown, add ";DB_CLOSE_ON_EXIT=FALSE" to the db URL) [90121-232]
2025-05-04T21:49:29.146+09:00  INFO 26100 --- [MySpringbootLab] [SpringApplicationShutdownHook] c.z.h.HikariDataSource                   : HikariPool-1 - Shutdown initiated...
2025-05-04T21:49:29.147+09:00  INFO 26100 --- [MySpringbootLab] [SpringApplicationShutdownHook] c.z.h.HikariDataSource                   : HikariPool-1 - Shutdown completed.
2025-05-04T21:49:31.277+09:00  INFO 3588 --- [MySpringbootLab] [restartedMain] c.r.m.MySpringbootLabApplication         : Starting MySpringbootLabApplication using Java 17.0.2 with PID 3588 (C:\mybackend\MySpringbootLab\MySpringbootLab\target\classes started by pshcc in C:\mybackend\MySpringbootLab)
2025-05-04T21:49:31.283+09:00  INFO 3588 --- [MySpringbootLab] [restartedMain] c.r.m.MySpringbootLabApplication         : The following 1 profile is active: "test"
2025-05-04T21:49:31.332+09:00  INFO 3588 --- [MySpringbootLab] [restartedMain] .e.DevToolsPropertyDefaultsPostProcessor : Devtools property defaults active! Set 'spring.devtools.add-properties' to 'false' to disable
2025-05-04T21:49:31.332+09:00  INFO 3588 --- [MySpringbootLab] [restartedMain] .e.DevToolsPropertyDefaultsPostProcessor : For additional web related logging consider setting the 'logging.level.web' property to 'DEBUG'
2025-05-04T21:49:32.538+09:00  INFO 3588 --- [MySpringbootLab] [restartedMain] .s.d.r.c.RepositoryConfigurationDelegate : Bootstrapping Spring Data JPA repositories in DEFAULT mode.
2025-05-04T21:49:32.564+09:00  INFO 3588 --- [MySpringbootLab] [restartedMain] .s.d.r.c.RepositoryConfigurationDelegate : Finished Spring Data repository scanning in 15 ms. Found 0 JPA repository interfaces.
2025-05-04T21:49:33.533+09:00  INFO 3588 --- [MySpringbootLab] [restartedMain] o.s.b.w.e.t.TomcatWebServer              : Tomcat initialized with port 8080 (http)
2025-05-04T21:49:33.546+09:00  INFO 3588 --- [MySpringbootLab] [restartedMain] o.a.c.c.StandardService                  : Starting service [Tomcat]
2025-05-04T21:49:33.547+09:00  INFO 3588 --- [MySpringbootLab] [restartedMain] o.a.c.c.StandardEngine                   : Starting Servlet engine: [Apache Tomcat/10.1.40]
2025-05-04T21:49:33.614+09:00  INFO 3588 --- [MySpringbootLab] [restartedMain] o.a.c.c.C.[.[.[/]                        : Initializing Spring embedded WebApplicationContext
2025-05-04T21:49:33.616+09:00  INFO 3588 --- [MySpringbootLab] [restartedMain] w.s.c.ServletWebServerApplicationContext : Root WebApplicationContext: initialization completed in 2282 ms
2025-05-04T21:49:34.026+09:00  INFO 3588 --- [MySpringbootLab] [restartedMain] c.z.h.HikariDataSource                   : HikariPool-1 - Starting...
2025-05-04T21:49:34.285+09:00  INFO 3588 --- [MySpringbootLab] [restartedMain] c.z.h.p.HikariPool                       : HikariPool-1 - Added connection conn0: url=jdbc:h2:mem:391e1b6d-6904-4df0-9dfb-d85ad63e5cfe user=SA
2025-05-04T21:49:34.287+09:00  INFO 3588 --- [MySpringbootLab] [restartedMain] c.z.h.HikariDataSource                   : HikariPool-1 - Start completed.
2025-05-04T21:49:34.340+09:00  INFO 3588 --- [MySpringbootLab] [restartedMain] o.h.j.i.u.LogHelper                      : HHH000204: Processing PersistenceUnitInfo [name: default]
2025-05-04T21:49:34.411+09:00  INFO 3588 --- [MySpringbootLab] [restartedMain] o.h.Version                              : HHH000412: Hibernate ORM core version 6.6.13.Final
2025-05-04T21:49:34.455+09:00  INFO 3588 --- [MySpringbootLab] [restartedMain] o.h.c.i.RegionFactoryInitiator           : HHH000026: Second-level cache disabled
2025-05-04T21:49:34.755+09:00  INFO 3588 --- [MySpringbootLab] [restartedMain] o.s.o.j.p.SpringPersistenceUnitInfo      : No LoadTimeWeaver setup: ignoring JPA class transformer
2025-05-04T21:49:34.853+09:00  INFO 3588 --- [MySpringbootLab] [restartedMain] o.h.o.c.pooling                          : HHH10001005: Database info:
	Database JDBC URL [Connecting through datasource 'HikariDataSource (HikariPool-1)']
	Database driver: undefined/unknown
	Database version: 2.3.232
	Autocommit mode: undefined/unknown
	Isolation level: undefined/unknown
	Minimum pool size: undefined/unknown
	Maximum pool size: undefined/unknown
2025-05-04T21:49:35.188+09:00  INFO 3588 --- [MySpringbootLab] [restartedMain] o.h.e.t.j.p.i.JtaPlatformInitiator       : HHH000489: No JTA platform available (set 'hibernate.transaction.jta.platform' to enable JTA platform integration)
2025-05-04T21:49:35.194+09:00  INFO 3588 --- [MySpringbootLab] [restartedMain] j.LocalContainerEntityManagerFactoryBean : Initialized JPA EntityManagerFactory for persistence unit 'default'
2025-05-04T21:49:35.299+09:00  WARN 3588 --- [MySpringbootLab] [restartedMain] JpaBaseConfiguration$JpaWebConfiguration : spring.jpa.open-in-view is enabled by default. Therefore, database queries may be performed during view rendering. Explicitly configure spring.jpa.open-in-view to disable this warning
2025-05-04T21:49:35.662+09:00  WARN 3588 --- [MySpringbootLab] [restartedMain] ion$DefaultTemplateResolverConfiguration : Cannot find template location: classpath:/templates/ (please add some templates, check your Thymeleaf configuration, or set spring.thymeleaf.check-template-location=false)
2025-05-04T21:49:35.995+09:00  INFO 3588 --- [MySpringbootLab] [restartedMain] o.s.b.a.h.H2ConsoleAutoConfiguration     : H2 console available at '/h2-console'. Database available at 'jdbc:h2:mem:391e1b6d-6904-4df0-9dfb-d85ad63e5cfe'
2025-05-04T21:49:36.063+09:00  INFO 3588 --- [MySpringbootLab] [restartedMain] o.s.b.d.a.OptionalLiveReloadServer       : LiveReload server is running on port 35729
2025-05-04T21:49:36.073+09:00  INFO 3588 --- [MySpringbootLab] [restartedMain] o.s.b.a.e.w.EndpointLinksResolver        : Exposing 1 endpoint beneath base path '/actuator'
2025-05-04T21:49:36.151+09:00  INFO 3588 --- [MySpringbootLab] [restartedMain] o.s.b.w.e.t.TomcatWebServer              : Tomcat started on port 8080 (http) with context path '/'
2025-05-04T21:49:36.165+09:00  INFO 3588 --- [MySpringbootLab] [restartedMain] c.r.m.MySpringbootLabApplication         : Started MySpringbootLabApplication in 5.406 seconds (process running for 6.182)
2025-05-04T21:49:36.198+09:00  INFO 3588 --- [MySpringbootLab] [restartedMain] c.r.m.r.MyPropRunner                     : username: springboot
2025-05-04T21:49:36.198+09:00  INFO 3588 --- [MySpringbootLab] [restartedMain] c.r.m.r.MyPropRunner                     : 현재 실행 환경: 개발환경
2025-05-04T21:51:26.329+09:00  INFO 3588 --- [MySpringbootLab] [SpringApplicationShutdownHook] o.s.b.w.e.t.GracefulShutdown             : Commencing graceful shutdown. Waiting for active requests to complete
2025-05-04T21:51:26.496+09:00  INFO 3588 --- [MySpringbootLab] [tomcat-shutdown] o.s.b.w.e.t.GracefulShutdown             : Graceful shutdown complete
2025-05-04T21:51:26.502+09:00  INFO 3588 --- [MySpringbootLab] [SpringApplicationShutdownHook] j.LocalContainerEntityManagerFactoryBean : Closing JPA EntityManagerFactory for persistence unit 'default'
2025-05-04T21:51:26.508+09:00  WARN 3588 --- [MySpringbootLab] [SpringApplicationShutdownHook] o.s.b.f.s.DisposableBeanAdapter          : Invocation of destroy method failed on bean with name 'inMemoryDatabaseShutdownExecutor': org.h2.jdbc.JdbcSQLNonTransientConnectionException: Database is already closed (to disable automatic closing at VM shutdown, add ";DB_CLOSE_ON_EXIT=FALSE" to the db URL) [90121-232]
2025-05-04T21:51:26.509+09:00  INFO 3588 --- [MySpringbootLab] [SpringApplicationShutdownHook] c.z.h.HikariDataSource                   : HikariPool-1 - Shutdown initiated...
2025-05-04T21:51:26.510+09:00  INFO 3588 --- [MySpringbootLab] [SpringApplicationShutdownHook] c.z.h.HikariDataSource                   : HikariPool-1 - Shutdown completed.
2025-05-04T21:51:29.796+09:00  INFO 14672 --- [MySpringbootLab] [restartedMain] c.r.m.MySpringbootLabApplication         : Starting MySpringbootLabApplication using Java 17.0.2 with PID 14672 (C:\mybackend\MySpringbootLab\MySpringbootLab\target\classes started by pshcc in C:\mybackend\MySpringbootLab)
2025-05-04T21:51:29.801+09:00 DEBUG 14672 --- [MySpringbootLab] [restartedMain] c.r.m.MySpringbootLabApplication         : Running with Spring Boot v3.4.5, Spring v6.2.6
2025-05-04T21:51:29.801+09:00  INFO 14672 --- [MySpringbootLab] [restartedMain] c.r.m.MySpringbootLabApplication         : The following 1 profile is active: "test"
2025-05-04T21:51:29.843+09:00  INFO 14672 --- [MySpringbootLab] [restartedMain] .e.DevToolsPropertyDefaultsPostProcessor : Devtools property defaults active! Set 'spring.devtools.add-properties' to 'false' to disable
2025-05-04T21:51:29.843+09:00  INFO 14672 --- [MySpringbootLab] [restartedMain] .e.DevToolsPropertyDefaultsPostProcessor : For additional web related logging consider setting the 'logging.level.web' property to 'DEBUG'
2025-05-04T21:51:30.770+09:00  INFO 14672 --- [MySpringbootLab] [restartedMain] .s.d.r.c.RepositoryConfigurationDelegate : Bootstrapping Spring Data JPA repositories in DEFAULT mode.
2025-05-04T21:51:30.792+09:00  INFO 14672 --- [MySpringbootLab] [restartedMain] .s.d.r.c.RepositoryConfigurationDelegate : Finished Spring Data repository scanning in 12 ms. Found 0 JPA repository interfaces.
2025-05-04T21:51:31.715+09:00  INFO 14672 --- [MySpringbootLab] [restartedMain] o.s.b.w.e.t.TomcatWebServer              : Tomcat initialized with port 8080 (http)
2025-05-04T21:51:31.730+09:00  INFO 14672 --- [MySpringbootLab] [restartedMain] o.a.c.c.StandardService                  : Starting service [Tomcat]
2025-05-04T21:51:31.731+09:00  INFO 14672 --- [MySpringbootLab] [restartedMain] o.a.c.c.StandardEngine                   : Starting Servlet engine: [Apache Tomcat/10.1.40]
2025-05-04T21:51:31.803+09:00  INFO 14672 --- [MySpringbootLab] [restartedMain] o.a.c.c.C.[.[.[/]                        : Initializing Spring embedded WebApplicationContext
2025-05-04T21:51:31.805+09:00  INFO 14672 --- [MySpringbootLab] [restartedMain] w.s.c.ServletWebServerApplicationContext : Root WebApplicationContext: initialization completed in 1959 ms
2025-05-04T21:51:32.147+09:00  INFO 14672 --- [MySpringbootLab] [restartedMain] c.z.h.HikariDataSource                   : HikariPool-1 - Starting...
2025-05-04T21:51:32.325+09:00  INFO 14672 --- [MySpringbootLab] [restartedMain] c.z.h.p.HikariPool                       : HikariPool-1 - Added connection conn0: url=jdbc:h2:mem:68d9140c-936b-43dd-999d-2fec7bb1f4b5 user=SA
2025-05-04T21:51:32.328+09:00  INFO 14672 --- [MySpringbootLab] [restartedMain] c.z.h.HikariDataSource                   : HikariPool-1 - Start completed.
2025-05-04T21:51:32.371+09:00  INFO 14672 --- [MySpringbootLab] [restartedMain] o.h.j.i.u.LogHelper                      : HHH000204: Processing PersistenceUnitInfo [name: default]
2025-05-04T21:51:32.429+09:00  INFO 14672 --- [MySpringbootLab] [restartedMain] o.h.Version                              : HHH000412: Hibernate ORM core version 6.6.13.Final
2025-05-04T21:51:32.463+09:00  INFO 14672 --- [MySpringbootLab] [restartedMain] o.h.c.i.RegionFactoryInitiator           : HHH000026: Second-level cache disabled
2025-05-04T21:51:32.703+09:00  INFO 14672 --- [MySpringbootLab] [restartedMain] o.s.o.j.p.SpringPersistenceUnitInfo      : No LoadTimeWeaver setup: ignoring JPA class transformer
2025-05-04T21:51:32.779+09:00  INFO 14672 --- [MySpringbootLab] [restartedMain] o.h.o.c.pooling                          : HHH10001005: Database info:
	Database JDBC URL [Connecting through datasource 'HikariDataSource (HikariPool-1)']
	Database driver: undefined/unknown
	Database version: 2.3.232
	Autocommit mode: undefined/unknown
	Isolation level: undefined/unknown
	Minimum pool size: undefined/unknown
	Maximum pool size: undefined/unknown
2025-05-04T21:51:33.081+09:00  INFO 14672 --- [MySpringbootLab] [restartedMain] o.h.e.t.j.p.i.JtaPlatformInitiator       : HHH000489: No JTA platform available (set 'hibernate.transaction.jta.platform' to enable JTA platform integration)
2025-05-04T21:51:33.086+09:00  INFO 14672 --- [MySpringbootLab] [restartedMain] j.LocalContainerEntityManagerFactoryBean : Initialized JPA EntityManagerFactory for persistence unit 'default'
2025-05-04T21:51:33.180+09:00  WARN 14672 --- [MySpringbootLab] [restartedMain] JpaBaseConfiguration$JpaWebConfiguration : spring.jpa.open-in-view is enabled by default. Therefore, database queries may be performed during view rendering. Explicitly configure spring.jpa.open-in-view to disable this warning
2025-05-04T21:51:33.565+09:00  WARN 14672 --- [MySpringbootLab] [restartedMain] ion$DefaultTemplateResolverConfiguration : Cannot find template location: classpath:/templates/ (please add some templates, check your Thymeleaf configuration, or set spring.thymeleaf.check-template-location=false)
2025-05-04T21:51:33.913+09:00  INFO 14672 --- [MySpringbootLab] [restartedMain] o.s.b.a.h.H2ConsoleAutoConfiguration     : H2 console available at '/h2-console'. Database available at 'jdbc:h2:mem:68d9140c-936b-43dd-999d-2fec7bb1f4b5'
2025-05-04T21:51:33.974+09:00  INFO 14672 --- [MySpringbootLab] [restartedMain] o.s.b.d.a.OptionalLiveReloadServer       : LiveReload server is running on port 35729
2025-05-04T21:51:33.983+09:00  INFO 14672 --- [MySpringbootLab] [restartedMain] o.s.b.a.e.w.EndpointLinksResolver        : Exposing 1 endpoint beneath base path '/actuator'
2025-05-04T21:51:34.060+09:00  INFO 14672 --- [MySpringbootLab] [restartedMain] o.s.b.w.e.t.TomcatWebServer              : Tomcat started on port 8080 (http) with context path '/'
2025-05-04T21:51:34.075+09:00  INFO 14672 --- [MySpringbootLab] [restartedMain] c.r.m.MySpringbootLabApplication         : Started MySpringbootLabApplication in 4.733 seconds (process running for 5.51)
2025-05-04T21:51:34.106+09:00  INFO 14672 --- [MySpringbootLab] [restartedMain] c.r.m.r.MyPropRunner                     : username: springboot
2025-05-04T21:51:34.107+09:00 DEBUG 14672 --- [MySpringbootLab] [restartedMain] c.r.m.r.MyPropRunner                     : port: 3
2025-05-04T21:51:34.107+09:00  INFO 14672 --- [MySpringbootLab] [restartedMain] c.r.m.r.MyPropRunner                     : 현재 실행 환경: 테스트환경
2025-05-04T21:51:53.718+09:00  INFO 14672 --- [MySpringbootLab] [SpringApplicationShutdownHook] o.s.b.w.e.t.GracefulShutdown             : Commencing graceful shutdown. Waiting for active requests to complete
2025-05-04T21:51:53.885+09:00  INFO 14672 --- [MySpringbootLab] [tomcat-shutdown] o.s.b.w.e.t.GracefulShutdown             : Graceful shutdown complete
2025-05-04T21:51:53.890+09:00  INFO 14672 --- [MySpringbootLab] [SpringApplicationShutdownHook] j.LocalContainerEntityManagerFactoryBean : Closing JPA EntityManagerFactory for persistence unit 'default'
2025-05-04T21:51:53.896+09:00  WARN 14672 --- [MySpringbootLab] [SpringApplicationShutdownHook] o.s.b.f.s.DisposableBeanAdapter          : Invocation of destroy method failed on bean with name 'inMemoryDatabaseShutdownExecutor': org.h2.jdbc.JdbcSQLNonTransientConnectionException: Database is already closed (to disable automatic closing at VM shutdown, add ";DB_CLOSE_ON_EXIT=FALSE" to the db URL) [90121-232]
2025-05-04T21:51:53.897+09:00  INFO 14672 --- [MySpringbootLab] [SpringApplicationShutdownHook] c.z.h.HikariDataSource                   : HikariPool-1 - Shutdown initiated...
2025-05-04T21:51:53.898+09:00  INFO 14672 --- [MySpringbootLab] [SpringApplicationShutdownHook] c.z.h.HikariDataSource                   : HikariPool-1 - Shutdown completed.
2025-05-04T21:51:55.956+09:00  INFO 27872 --- [MySpringbootLab] [restartedMain] c.r.m.MySpringbootLabApplication         : Starting MySpringbootLabApplication using Java 17.0.2 with PID 27872 (C:\mybackend\MySpringbootLab\MySpringbootLab\target\classes started by pshcc in C:\mybackend\MySpringbootLab)
2025-05-04T21:51:55.961+09:00  INFO 27872 --- [MySpringbootLab] [restartedMain] c.r.m.MySpringbootLabApplication         : The following 1 profile is active: "prod"
2025-05-04T21:51:56.004+09:00  INFO 27872 --- [MySpringbootLab] [restartedMain] .e.DevToolsPropertyDefaultsPostProcessor : Devtools property defaults active! Set 'spring.devtools.add-properties' to 'false' to disable
2025-05-04T21:51:56.004+09:00  INFO 27872 --- [MySpringbootLab] [restartedMain] .e.DevToolsPropertyDefaultsPostProcessor : For additional web related logging consider setting the 'logging.level.web' property to 'DEBUG'
2025-05-04T21:51:56.963+09:00  INFO 27872 --- [MySpringbootLab] [restartedMain] .s.d.r.c.RepositoryConfigurationDelegate : Bootstrapping Spring Data JPA repositories in DEFAULT mode.
2025-05-04T21:51:56.989+09:00  INFO 27872 --- [MySpringbootLab] [restartedMain] .s.d.r.c.RepositoryConfigurationDelegate : Finished Spring Data repository scanning in 14 ms. Found 0 JPA repository interfaces.
2025-05-04T21:51:57.884+09:00  INFO 27872 --- [MySpringbootLab] [restartedMain] o.s.b.w.e.t.TomcatWebServer              : Tomcat initialized with port 8080 (http)
2025-05-04T21:51:57.901+09:00  INFO 27872 --- [MySpringbootLab] [restartedMain] o.a.c.c.StandardService                  : Starting service [Tomcat]
2025-05-04T21:51:57.903+09:00  INFO 27872 --- [MySpringbootLab] [restartedMain] o.a.c.c.StandardEngine                   : Starting Servlet engine: [Apache Tomcat/10.1.40]
2025-05-04T21:51:57.972+09:00  INFO 27872 --- [MySpringbootLab] [restartedMain] o.a.c.c.C.[.[.[/]                        : Initializing Spring embedded WebApplicationContext
2025-05-04T21:51:57.974+09:00  INFO 27872 --- [MySpringbootLab] [restartedMain] w.s.c.ServletWebServerApplicationContext : Root WebApplicationContext: initialization completed in 1967 ms
2025-05-04T21:51:58.295+09:00  INFO 27872 --- [MySpringbootLab] [restartedMain] c.z.h.HikariDataSource                   : HikariPool-1 - Starting...
2025-05-04T21:51:58.482+09:00  INFO 27872 --- [MySpringbootLab] [restartedMain] c.z.h.p.HikariPool                       : HikariPool-1 - Added connection conn0: url=jdbc:h2:mem:2d52b7cc-1b97-4d01-b9af-62d9206a1211 user=SA
2025-05-04T21:51:58.484+09:00  INFO 27872 --- [MySpringbootLab] [restartedMain] c.z.h.HikariDataSource                   : HikariPool-1 - Start completed.
2025-05-04T21:51:58.530+09:00  INFO 27872 --- [MySpringbootLab] [restartedMain] o.h.j.i.u.LogHelper                      : HHH000204: Processing PersistenceUnitInfo [name: default]
2025-05-04T21:51:58.588+09:00  INFO 27872 --- [MySpringbootLab] [restartedMain] o.h.Version                              : HHH000412: Hibernate ORM core version 6.6.13.Final
2025-05-04T21:51:58.621+09:00  INFO 27872 --- [MySpringbootLab] [restartedMain] o.h.c.i.RegionFactoryInitiator           : HHH000026: Second-level cache disabled
2025-05-04T21:51:58.864+09:00  INFO 27872 --- [MySpringbootLab] [restartedMain] o.s.o.j.p.SpringPersistenceUnitInfo      : No LoadTimeWeaver setup: ignoring JPA class transformer
2025-05-04T21:51:58.941+09:00  INFO 27872 --- [MySpringbootLab] [restartedMain] o.h.o.c.pooling                          : HHH10001005: Database info:
	Database JDBC URL [Connecting through datasource 'HikariDataSource (HikariPool-1)']
	Database driver: undefined/unknown
	Database version: 2.3.232
	Autocommit mode: undefined/unknown
	Isolation level: undefined/unknown
	Minimum pool size: undefined/unknown
	Maximum pool size: undefined/unknown
2025-05-04T21:51:59.238+09:00  INFO 27872 --- [MySpringbootLab] [restartedMain] o.h.e.t.j.p.i.JtaPlatformInitiator       : HHH000489: No JTA platform available (set 'hibernate.transaction.jta.platform' to enable JTA platform integration)
2025-05-04T21:51:59.243+09:00  INFO 27872 --- [MySpringbootLab] [restartedMain] j.LocalContainerEntityManagerFactoryBean : Initialized JPA EntityManagerFactory for persistence unit 'default'
2025-05-04T21:51:59.347+09:00  WARN 27872 --- [MySpringbootLab] [restartedMain] JpaBaseConfiguration$JpaWebConfiguration : spring.jpa.open-in-view is enabled by default. Therefore, database queries may be performed during view rendering. Explicitly configure spring.jpa.open-in-view to disable this warning
2025-05-04T21:51:59.733+09:00  WARN 27872 --- [MySpringbootLab] [restartedMain] ion$DefaultTemplateResolverConfiguration : Cannot find template location: classpath:/templates/ (please add some templates, check your Thymeleaf configuration, or set spring.thymeleaf.check-template-location=false)
2025-05-04T21:52:00.063+09:00  INFO 27872 --- [MySpringbootLab] [restartedMain] o.s.b.a.h.H2ConsoleAutoConfiguration     : H2 console available at '/h2-console'. Database available at 'jdbc:h2:mem:2d52b7cc-1b97-4d01-b9af-62d9206a1211'
2025-05-04T21:52:00.122+09:00  INFO 27872 --- [MySpringbootLab] [restartedMain] o.s.b.d.a.OptionalLiveReloadServer       : LiveReload server is running on port 35729
2025-05-04T21:52:00.132+09:00  INFO 27872 --- [MySpringbootLab] [restartedMain] o.s.b.a.e.w.EndpointLinksResolver        : Exposing 1 endpoint beneath base path '/actuator'
2025-05-04T21:52:00.213+09:00  INFO 27872 --- [MySpringbootLab] [restartedMain] o.s.b.w.e.t.TomcatWebServer              : Tomcat started on port 8080 (http) with context path '/'
2025-05-04T21:52:00.227+09:00  INFO 27872 --- [MySpringbootLab] [restartedMain] c.r.m.MySpringbootLabApplication         : Started MySpringbootLabApplication in 4.724 seconds (process running for 5.469)
2025-05-04T21:52:00.257+09:00  INFO 27872 --- [MySpringbootLab] [restartedMain] c.r.m.r.MyPropRunner                     : username: springboot
2025-05-04T21:52:00.257+09:00  INFO 27872 --- [MySpringbootLab] [restartedMain] c.r.m.r.MyPropRunner                     : 현재 실행 환경: 운영환경
2025-05-04T21:52:07.519+09:00  INFO 27872 --- [MySpringbootLab] [SpringApplicationShutdownHook] o.s.b.w.e.t.GracefulShutdown             : Commencing graceful shutdown. Waiting for active requests to complete
2025-05-04T21:52:07.692+09:00  INFO 27872 --- [MySpringbootLab] [tomcat-shutdown] o.s.b.w.e.t.GracefulShutdown             : Graceful shutdown complete
2025-05-04T21:52:07.698+09:00  INFO 27872 --- [MySpringbootLab] [SpringApplicationShutdownHook] j.LocalContainerEntityManagerFactoryBean : Closing JPA EntityManagerFactory for persistence unit 'default'
2025-05-04T21:52:07.705+09:00  WARN 27872 --- [MySpringbootLab] [SpringApplicationShutdownHook] o.s.b.f.s.DisposableBeanAdapter          : Invocation of destroy method failed on bean with name 'inMemoryDatabaseShutdownExecutor': org.h2.jdbc.JdbcSQLNonTransientConnectionException: Database is already closed (to disable automatic closing at VM shutdown, add ";DB_CLOSE_ON_EXIT=FALSE" to the db URL) [90121-232]
2025-05-04T21:52:07.705+09:00  INFO 27872 --- [MySpringbootLab] [SpringApplicationShutdownHook] c.z.h.HikariDataSource                   : HikariPool-1 - Shutdown initiated...
2025-05-04T21:52:07.707+09:00  INFO 27872 --- [MySpringbootLab] [SpringApplicationShutdownHook] c.z.h.HikariDataSource                   : HikariPool-1 - Shutdown completed.
